--- Copying files at Fri Jan 11 13:09:25 UTC 2019
INSTALLED init.groovy.d/tcp-slave-agent-port.groovy
--- Copying files at Mon Jan 14 10:43:30 UTC 2019
--- Copying files at Tue Jan 15 10:48:21 UTC 2019
--- Copying files at Wed Jan 16 18:08:00 UTC 2019
--- Copying files at Wed Jan 16 20:50:06 UTC 2019
--- Copying files at Sat Jan 19 15:13:32 UTC 2019
--- Copying files at Wed Jan 23 20:31:55 UTC 2019
--- Copying files at Sat Jan 26 01:30:14 UTC 2019
--- Copying files at Sat Jan 26 03:03:40 UTC 2019
--- Copying files at Sat Jan 26 03:04:36 UTC 2019
--- Copying files at Sun Jan 27 23:16:29 UTC 2019
--- Copying files at Sun Jan 27 23:17:35 UTC 2019
--- Copying files at Mon Jan 28 01:37:40 UTC 2019
--- Copying files at Mon Jan 28 01:39:09 UTC 2019
--- Copying files at Mon Jan 28 22:18:32 UTC 2019
--- Copying files at Thu Jan 31 01:11:55 UTC 2019
--- Copying files at Thu Jan 31 01:31:16 UTC 2019
--- Copying files at Thu Jan 31 21:49:36 UTC 2019
--- Copying files at Wed Feb 13 11:49:37 UTC 2019
--- Copying files at Wed Feb 13 11:54:48 UTC 2019
--- Copying files at Wed Feb 13 15:22:27 UTC 2019
--- Copying files at Sun Apr 21 15:36:14 UTC 2019
--- Copying files at Sun Apr 21 15:41:33 UTC 2019
--- Copying files at Sun Apr 21 16:40:44 UTC 2019
--- Copying files at Sun Apr 21 16:44:25 UTC 2019
--- Copying files at Sun Apr 21 16:49:14 UTC 2019
--- Copying files at Sun Apr 21 17:12:09 UTC 2019
--- Copying files at Sun Apr 21 18:35:56 UTC 2019
--- Copying files at Sun Apr 21 18:54:53 UTC 2019
--- Copying files at Sun Apr 21 19:08:30 UTC 2019
--- Copying files at Sun Apr 21 20:48:45 UTC 2019
--- Copying files at Mon Apr 22 08:28:06 UTC 2019
--- Copying files at Mon Apr 22 08:39:22 UTC 2019
--- Copying files at Tue Apr 23 11:49:10 UTC 2019
--- Copying files at Sat Apr 27 13:07:28 UTC 2019
--- Copying files at Sun Apr 28 16:06:06 UTC 2019
--- Copying files at Sun Apr 28 16:46:15 UTC 2019
--- Copying files at Sun Apr 28 16:50:30 UTC 2019
--- Copying files at Sun Apr 28 17:47:59 UTC 2019
