2019-01-10 22:27:31,820 [ACCEPTED LOGIN]  for admin/10.7.240.57.
2019-01-10 22:31:05,896 [ACCEPTED DELETE] example-repo-local: for admin/10.7.240.57.
2019-01-10 22:31:05,989 [ACCEPTED CONFIGURATION_CHANGE]  for admin/10.7.240.57.
2019-01-19 15:59:36,469 [ACCEPTED LOGIN]  for admin/10.7.240.57.
2019-01-19 16:06:52,173 [ACCEPTED CONFIGURATION_CHANGE]  for admin/10.7.240.57.
2019-01-19 16:07:53,185 [ACCEPTED LOGIN]  for jenkins-deploy/10.7.240.57.
2019-01-19 16:08:38,730 [DENIED LOGIN]  for jenkins-deploy/172.17.0.1.
2019-01-19 16:14:16,259 [DENIED DEPLOY] artifactory-build-info:SpringBootWeb/7-1547914440295.json for jenkins-deploy/172.17.0.1.
2019-01-19 16:15:39,804 [ACCEPTED LOGIN]  for admin/10.7.240.57.
2019-01-19 16:35:49,541 [ACCEPTED CONFIGURATION_CHANGE]  for admin/10.7.240.57.
2019-01-19 16:35:49,548 [ACCEPTED DELETE] maven-repo: for admin/10.7.240.57.
2019-01-19 16:35:49,678 [ACCEPTED DELETE] maven-repo: for admin/10.7.240.57.
2019-01-19 16:35:49,872 [ACCEPTED CONFIGURATION_CHANGE]  for admin/10.7.240.57.
2019-01-19 16:36:38,173 [ACCEPTED CONFIGURATION_CHANGE]  for admin/10.7.240.57.
2019-01-19 17:51:27,928 [ACCEPTED LOGIN]  for admin/10.7.240.57.
2019-01-19 17:51:52,515 [ACCEPTED CONFIGURATION_CHANGE]  for admin/10.7.240.57.
2019-01-19 17:51:52,617 [ACCEPTED DELETE] maven-repo_1: for admin/10.7.240.57.
2019-01-19 17:51:52,628 [ACCEPTED CONFIGURATION_CHANGE]  for admin/10.7.240.57.
2019-01-19 17:53:56,089 [ACCEPTED CONFIGURATION_CHANGE]  for admin/10.7.240.57.
2019-01-19 17:54:19,282 [ACCEPTED CONFIGURATION_CHANGE]  for admin/10.7.240.57.
2019-01-19 18:01:34,626 [DENIED LOGIN]  for jenkins-deploy/172.17.0.1.
2019-01-19 18:11:36,039 [ACCEPTED DEPLOY] jcenter-cache:org/apache/maven/plugins/maven-plugins/25/maven-plugins-25.pom for anonymous/172.17.0.1.
2019-01-19 18:11:36,157 [ACCEPTED DEPLOY] libs-release:org/apache/maven/plugins/maven-plugins/25/maven-plugins-25.pom for anonymous/172.17.0.1.
2019-01-19 18:11:36,293 [ACCEPTED DEPLOY] jcenter-cache:org/apache/maven/maven-parent/24/maven-parent-24.pom for anonymous/172.17.0.1.
2019-01-19 18:11:36,327 [ACCEPTED DEPLOY] libs-release:org/apache/maven/maven-parent/24/maven-parent-24.pom for anonymous/172.17.0.1.
2019-01-19 18:11:36,409 [ACCEPTED DEPLOY] jcenter-cache:org/apache/apache/14/apache-14.pom for anonymous/172.17.0.1.
2019-01-19 18:11:36,435 [ACCEPTED DEPLOY] libs-release:org/apache/apache/14/apache-14.pom for anonymous/172.17.0.1.
2019-01-19 18:11:36,537 [ACCEPTED DEPLOY] jcenter-cache:org/apache/maven/plugins/maven-install-plugin/2.5.2/maven-install-plugin-2.5.2.jar for anonymous/172.17.0.1.
2019-01-19 18:11:36,699 [ACCEPTED DEPLOY] jcenter-cache:org/apache/maven/plugins/maven-install-plugin/2.5.2/maven-install-plugin-2.5.2.pom for anonymous/172.17.0.1.
2019-01-19 18:11:36,858 [ACCEPTED DEPLOY] jcenter-cache:org/apache/maven/maven-plugin-api/2.2.1/maven-plugin-api-2.2.1.pom for anonymous/172.17.0.1.
2019-01-19 18:11:36,931 [ACCEPTED DEPLOY] jcenter-cache:org/apache/maven/maven/2.2.1/maven-2.2.1.pom for anonymous/172.17.0.1.
2019-01-19 18:11:37,016 [ACCEPTED DEPLOY] jcenter-cache:org/apache/maven/maven-parent/11/maven-parent-11.pom for anonymous/172.17.0.1.
2019-01-19 18:11:37,100 [ACCEPTED DEPLOY] jcenter-cache:org/apache/apache/5/apache-5.pom for anonymous/172.17.0.1.
2019-01-19 18:11:37,118 [ACCEPTED DEPLOY] libs-release:org/apache/apache/5/apache-5.pom for anonymous/172.17.0.1.
2019-01-19 18:11:37,189 [ACCEPTED DEPLOY] jcenter-cache:org/apache/maven/maven-project/2.2.1/maven-project-2.2.1.pom for anonymous/172.17.0.1.
2019-01-19 18:11:37,273 [ACCEPTED DEPLOY] jcenter-cache:org/apache/maven/maven-settings/2.2.1/maven-settings-2.2.1.pom for anonymous/172.17.0.1.
2019-01-19 18:11:37,368 [ACCEPTED DEPLOY] jcenter-cache:org/apache/maven/maven-model/2.2.1/maven-model-2.2.1.pom for anonymous/172.17.0.1.
2019-01-19 18:11:37,477 [ACCEPTED DEPLOY] jcenter-cache:org/codehaus/plexus/plexus-utils/1.5.15/plexus-utils-1.5.15.pom for anonymous/172.17.0.1.
2019-01-19 18:11:37,566 [ACCEPTED DEPLOY] jcenter-cache:org/codehaus/plexus/plexus/2.0.2/plexus-2.0.2.pom for anonymous/172.17.0.1.
2019-01-19 18:11:37,641 [ACCEPTED DEPLOY] jcenter-cache:org/codehaus/plexus/plexus-interpolation/1.11/plexus-interpolation-1.11.pom for anonymous/172.17.0.1.
2019-01-19 18:11:37,710 [ACCEPTED DEPLOY] jcenter-cache:org/codehaus/plexus/plexus-components/1.1.14/plexus-components-1.1.14.pom for anonymous/172.17.0.1.
2019-01-19 18:11:37,781 [ACCEPTED DEPLOY] jcenter-cache:org/codehaus/plexus/plexus-container-default/1.0-alpha-9-stable-1/plexus-container-default-1.0-alpha-9-stable-1.pom for anonymous/172.17.0.1.
2019-01-19 18:11:37,847 [ACCEPTED DEPLOY] jcenter-cache:org/codehaus/plexus/plexus-containers/1.0.3/plexus-containers-1.0.3.pom for anonymous/172.17.0.1.
2019-01-19 18:11:37,912 [ACCEPTED DEPLOY] jcenter-cache:org/codehaus/plexus/plexus/1.0.4/plexus-1.0.4.pom for anonymous/172.17.0.1.
2019-01-19 18:11:38,027 [ACCEPTED DEPLOY] jcenter-cache:junit/junit/3.8.1/junit-3.8.1.pom for anonymous/172.17.0.1.
2019-01-19 18:11:38,098 [ACCEPTED DEPLOY] jcenter-cache:org/codehaus/plexus/plexus-utils/1.0.4/plexus-utils-1.0.4.pom for anonymous/172.17.0.1.
2019-01-19 18:11:38,115 [ACCEPTED DEPLOY] libs-release:org/codehaus/plexus/plexus-utils/1.0.4/plexus-utils-1.0.4.pom for anonymous/172.17.0.1.
2019-01-19 18:11:38,186 [ACCEPTED DEPLOY] jcenter-cache:classworlds/classworlds/1.1-alpha-2/classworlds-1.1-alpha-2.pom for anonymous/172.17.0.1.
2019-01-19 18:11:38,249 [ACCEPTED DEPLOY] jcenter-cache:org/apache/maven/maven-profile/2.2.1/maven-profile-2.2.1.pom for anonymous/172.17.0.1.
2019-01-19 18:11:38,319 [ACCEPTED DEPLOY] jcenter-cache:org/apache/maven/maven-artifact-manager/2.2.1/maven-artifact-manager-2.2.1.pom for anonymous/172.17.0.1.
2019-01-19 18:11:38,388 [ACCEPTED DEPLOY] jcenter-cache:org/apache/maven/maven-repository-metadata/2.2.1/maven-repository-metadata-2.2.1.pom for anonymous/172.17.0.1.
2019-01-19 18:11:38,458 [ACCEPTED DEPLOY] jcenter-cache:org/apache/maven/maven-artifact/2.2.1/maven-artifact-2.2.1.pom for anonymous/172.17.0.1.
2019-01-19 18:11:38,531 [ACCEPTED DEPLOY] jcenter-cache:backport-util-concurrent/backport-util-concurrent/3.1/backport-util-concurrent-3.1.pom for anonymous/172.17.0.1.
2019-01-19 18:11:38,598 [ACCEPTED DEPLOY] jcenter-cache:org/apache/maven/maven-plugin-registry/2.2.1/maven-plugin-registry-2.2.1.pom for anonymous/172.17.0.1.
2019-01-19 18:11:38,666 [ACCEPTED DEPLOY] jcenter-cache:commons-codec/commons-codec/1.6/commons-codec-1.6.pom for anonymous/172.17.0.1.
2019-01-19 18:11:38,753 [ACCEPTED DEPLOY] jcenter-cache:org/apache/commons/commons-parent/22/commons-parent-22.pom for anonymous/172.17.0.1.
2019-01-19 18:11:38,857 [ACCEPTED DEPLOY] jcenter-cache:org/apache/apache/9/apache-9.pom for anonymous/172.17.0.1.
2019-01-19 18:11:38,936 [ACCEPTED DEPLOY] libs-release:org/apache/apache/9/apache-9.pom for anonymous/172.17.0.1.
2019-01-19 18:11:39,041 [ACCEPTED DEPLOY] jcenter-cache:org/apache/maven/shared/maven-shared-utils/0.4/maven-shared-utils-0.4.pom for anonymous/172.17.0.1.
2019-01-19 18:11:39,113 [ACCEPTED DEPLOY] jcenter-cache:org/apache/maven/shared/maven-shared-components/19/maven-shared-components-19.pom for anonymous/172.17.0.1.
2019-01-19 18:11:39,128 [ACCEPTED DEPLOY] libs-release:org/apache/maven/shared/maven-shared-components/19/maven-shared-components-19.pom for anonymous/172.17.0.1.
2019-01-19 18:11:39,204 [ACCEPTED DEPLOY] jcenter-cache:org/apache/maven/maven-parent/23/maven-parent-23.pom for anonymous/172.17.0.1.
2019-01-19 18:11:39,223 [ACCEPTED DEPLOY] libs-release:org/apache/maven/maven-parent/23/maven-parent-23.pom for anonymous/172.17.0.1.
2019-01-19 18:11:39,291 [ACCEPTED DEPLOY] jcenter-cache:org/apache/apache/13/apache-13.pom for anonymous/172.17.0.1.
2019-01-19 18:11:39,309 [ACCEPTED DEPLOY] libs-release:org/apache/apache/13/apache-13.pom for anonymous/172.17.0.1.
2019-01-19 18:11:39,381 [ACCEPTED DEPLOY] jcenter-cache:com/google/code/findbugs/jsr305/2.0.1/jsr305-2.0.1.pom for anonymous/172.17.0.1.
2019-01-19 18:11:39,446 [ACCEPTED DEPLOY] jcenter-cache:org/codehaus/plexus/plexus-utils/3.0.15/plexus-utils-3.0.15.pom for anonymous/172.17.0.1.
2019-01-19 18:11:39,515 [ACCEPTED DEPLOY] jcenter-cache:org/codehaus/plexus/plexus/3.3.1/plexus-3.3.1.pom for anonymous/172.17.0.1.
2019-01-19 18:11:39,595 [ACCEPTED DEPLOY] jcenter-cache:org/sonatype/spice/spice-parent/17/spice-parent-17.pom for anonymous/172.17.0.1.
2019-01-19 18:11:39,662 [ACCEPTED DEPLOY] jcenter-cache:org/sonatype/forge/forge-parent/10/forge-parent-10.pom for anonymous/172.17.0.1.
2019-01-19 18:11:39,785 [ACCEPTED DEPLOY] jcenter-cache:org/apache/maven/maven-plugin-api/2.2.1/maven-plugin-api-2.2.1.jar for anonymous/172.17.0.1.
2019-01-19 18:11:39,884 [ACCEPTED DEPLOY] jcenter-cache:org/apache/maven/maven-plugin-registry/2.2.1/maven-plugin-registry-2.2.1.jar for anonymous/172.17.0.1.
2019-01-19 18:11:39,887 [ACCEPTED DEPLOY] jcenter-cache:org/apache/maven/maven-profile/2.2.1/maven-profile-2.2.1.jar for anonymous/172.17.0.1.
2019-01-19 18:11:39,889 [ACCEPTED DEPLOY] jcenter-cache:org/codehaus/plexus/plexus-interpolation/1.11/plexus-interpolation-1.11.jar for anonymous/172.17.0.1.
2019-01-19 18:11:39,911 [ACCEPTED DEPLOY] jcenter-cache:org/apache/maven/maven-settings/2.2.1/maven-settings-2.2.1.jar for anonymous/172.17.0.1.
2019-01-19 18:11:39,925 [ACCEPTED DEPLOY] jcenter-cache:org/apache/maven/maven-project/2.2.1/maven-project-2.2.1.jar for anonymous/172.17.0.1.
2019-01-19 18:11:39,975 [ACCEPTED DEPLOY] jcenter-cache:classworlds/classworlds/1.1-alpha-2/classworlds-1.1-alpha-2.jar for anonymous/172.17.0.1.
2019-01-19 18:11:39,991 [ACCEPTED DEPLOY] jcenter-cache:org/apache/maven/maven-model/2.2.1/maven-model-2.2.1.jar for anonymous/172.17.0.1.
2019-01-19 18:11:39,994 [ACCEPTED DEPLOY] jcenter-cache:org/codehaus/plexus/plexus-container-default/1.0-alpha-9-stable-1/plexus-container-default-1.0-alpha-9-stable-1.jar for anonymous/172.17.0.1.
2019-01-19 18:11:40,003 [ACCEPTED DEPLOY] jcenter-cache:junit/junit/3.8.1/junit-3.8.1.jar for anonymous/172.17.0.1.
2019-01-19 18:11:40,018 [ACCEPTED DEPLOY] jcenter-cache:org/apache/maven/maven-artifact-manager/2.2.1/maven-artifact-manager-2.2.1.jar for anonymous/172.17.0.1.
2019-01-19 18:11:40,037 [ACCEPTED DEPLOY] jcenter-cache:org/apache/maven/maven-repository-metadata/2.2.1/maven-repository-metadata-2.2.1.jar for anonymous/172.17.0.1.
2019-01-19 18:11:40,060 [ACCEPTED DEPLOY] jcenter-cache:org/apache/maven/maven-artifact/2.2.1/maven-artifact-2.2.1.jar for anonymous/172.17.0.1.
2019-01-19 18:11:40,091 [ACCEPTED DEPLOY] jcenter-cache:org/apache/maven/shared/maven-shared-utils/0.4/maven-shared-utils-0.4.jar for anonymous/172.17.0.1.
2019-01-19 18:11:40,101 [ACCEPTED DEPLOY] jcenter-cache:com/google/code/findbugs/jsr305/2.0.1/jsr305-2.0.1.jar for anonymous/172.17.0.1.
2019-01-19 18:11:41,275 [ACCEPTED DEPLOY] jcenter-cache:commons-codec/commons-codec/1.6/commons-codec-1.6.jar for anonymous/172.17.0.1.
2019-01-19 18:11:41,313 [ACCEPTED DEPLOY] jcenter-cache:backport-util-concurrent/backport-util-concurrent/3.1/backport-util-concurrent-3.1.jar for anonymous/172.17.0.1.
2019-01-19 18:11:43,426 [ACCEPTED DEPLOY] jcenter-cache:org/codehaus/plexus/plexus-utils/3.0.15/plexus-utils-3.0.15.jar for anonymous/172.17.0.1.
2019-01-19 18:11:44,919 [ACCEPTED DEPLOY] jcenter-cache:org/apache/maven/plugins/maven-source-plugin/2.1.2/maven-source-plugin-2.1.2.pom for anonymous/172.17.0.1.
2019-01-19 18:11:44,927 [ACCEPTED DOWNLOAD] jcenter:org/apache/maven/plugins/maven-source-plugin/2.1.2/maven-source-plugin-2.1.2.pom for anonymous/172.17.0.1.
2019-01-19 18:11:44,949 [ACCEPTED DOWNLOAD] libs-release:org/apache/maven/plugins/maven-source-plugin/2.1.2/maven-source-plugin-2.1.2.pom.sha1 for anonymous/172.17.0.1.
2019-01-19 18:11:45,017 [ACCEPTED DEPLOY] jcenter-cache:org/apache/maven/plugins/maven-plugins/18/maven-plugins-18.pom for anonymous/172.17.0.1.
2019-01-19 18:11:45,023 [ACCEPTED DOWNLOAD] jcenter:org/apache/maven/plugins/maven-plugins/18/maven-plugins-18.pom for anonymous/172.17.0.1.
2019-01-19 18:11:45,034 [ACCEPTED DOWNLOAD] libs-release:org/apache/maven/plugins/maven-plugins/18/maven-plugins-18.pom.sha1 for anonymous/172.17.0.1.
2019-01-19 18:11:45,101 [ACCEPTED DEPLOY] jcenter-cache:org/apache/maven/maven-parent/16/maven-parent-16.pom for anonymous/172.17.0.1.
2019-01-19 18:11:45,168 [ACCEPTED DEPLOY] jcenter-cache:org/apache/apache/7/apache-7.pom for anonymous/172.17.0.1.
2019-01-19 18:11:45,177 [ACCEPTED DEPLOY] libs-release:org/apache/apache/7/apache-7.pom for anonymous/172.17.0.1.
2019-01-19 18:11:45,244 [ACCEPTED DEPLOY] jcenter-cache:org/apache/maven/plugins/maven-source-plugin/2.1.2/maven-source-plugin-2.1.2.jar for anonymous/172.17.0.1.
2019-01-19 18:11:45,247 [ACCEPTED DOWNLOAD] jcenter:org/apache/maven/plugins/maven-source-plugin/2.1.2/maven-source-plugin-2.1.2.jar for anonymous/172.17.0.1.
2019-01-19 18:11:45,254 [ACCEPTED DOWNLOAD] libs-release:org/apache/maven/plugins/maven-source-plugin/2.1.2/maven-source-plugin-2.1.2.jar.sha1 for anonymous/172.17.0.1.
2019-01-19 18:11:45,317 [ACCEPTED DEPLOY] jcenter-cache:org/apache/maven/plugins/maven-jar-plugin/2.4/maven-jar-plugin-2.4.pom for anonymous/172.17.0.1.
2019-01-19 18:11:45,324 [ACCEPTED DOWNLOAD] jcenter:org/apache/maven/plugins/maven-jar-plugin/2.4/maven-jar-plugin-2.4.pom for anonymous/172.17.0.1.
2019-01-19 18:11:45,330 [ACCEPTED DOWNLOAD] libs-release:org/apache/maven/plugins/maven-jar-plugin/2.4/maven-jar-plugin-2.4.pom.sha1 for anonymous/172.17.0.1.
2019-01-19 18:11:45,388 [ACCEPTED DEPLOY] jcenter-cache:org/apache/maven/plugins/maven-plugins/22/maven-plugins-22.pom for anonymous/172.17.0.1.
2019-01-19 18:11:45,397 [ACCEPTED DEPLOY] libs-release:org/apache/maven/plugins/maven-plugins/22/maven-plugins-22.pom for anonymous/172.17.0.1.
2019-01-19 18:11:45,400 [ACCEPTED DOWNLOAD] libs-release:org/apache/maven/plugins/maven-plugins/22/maven-plugins-22.pom for anonymous/172.17.0.1.
2019-01-19 18:11:45,410 [ACCEPTED DOWNLOAD] libs-release:org/apache/maven/plugins/maven-plugins/22/maven-plugins-22.pom.sha1 for anonymous/172.17.0.1.
2019-01-19 18:11:45,470 [ACCEPTED DEPLOY] jcenter-cache:org/apache/maven/maven-parent/21/maven-parent-21.pom for anonymous/172.17.0.1.
2019-01-19 18:11:45,482 [ACCEPTED DEPLOY] libs-release:org/apache/maven/maven-parent/21/maven-parent-21.pom for anonymous/172.17.0.1.
2019-01-19 18:11:45,548 [ACCEPTED DEPLOY] jcenter-cache:org/apache/apache/10/apache-10.pom for anonymous/172.17.0.1.
2019-01-19 18:11:45,558 [ACCEPTED DEPLOY] libs-release:org/apache/apache/10/apache-10.pom for anonymous/172.17.0.1.
2019-01-19 18:11:45,628 [ACCEPTED DEPLOY] jcenter-cache:org/apache/maven/plugins/maven-jar-plugin/2.4/maven-jar-plugin-2.4.jar for anonymous/172.17.0.1.
2019-01-19 18:11:45,631 [ACCEPTED DOWNLOAD] jcenter:org/apache/maven/plugins/maven-jar-plugin/2.4/maven-jar-plugin-2.4.jar for anonymous/172.17.0.1.
2019-01-19 18:11:45,637 [ACCEPTED DOWNLOAD] libs-release:org/apache/maven/plugins/maven-jar-plugin/2.4/maven-jar-plugin-2.4.jar.sha1 for anonymous/172.17.0.1.
2019-01-19 18:11:45,702 [ACCEPTED DEPLOY] jcenter-cache:org/apache/maven/plugins/maven-resources-plugin/2.6/maven-resources-plugin-2.6.pom for anonymous/172.17.0.1.
2019-01-19 18:11:45,765 [ACCEPTED DEPLOY] jcenter-cache:org/apache/maven/plugins/maven-plugins/23/maven-plugins-23.pom for anonymous/172.17.0.1.
2019-01-19 18:11:45,773 [ACCEPTED DEPLOY] libs-release:org/apache/maven/plugins/maven-plugins/23/maven-plugins-23.pom for anonymous/172.17.0.1.
2019-01-19 18:11:45,841 [ACCEPTED DEPLOY] jcenter-cache:org/apache/maven/maven-parent/22/maven-parent-22.pom for anonymous/172.17.0.1.
2019-01-19 18:11:45,853 [ACCEPTED DEPLOY] libs-release:org/apache/maven/maven-parent/22/maven-parent-22.pom for anonymous/172.17.0.1.
2019-01-19 18:11:45,912 [ACCEPTED DEPLOY] jcenter-cache:org/apache/apache/11/apache-11.pom for anonymous/172.17.0.1.
2019-01-19 18:11:45,921 [ACCEPTED DEPLOY] libs-release:org/apache/apache/11/apache-11.pom for anonymous/172.17.0.1.
2019-01-19 18:11:45,989 [ACCEPTED DEPLOY] jcenter-cache:org/apache/maven/plugins/maven-resources-plugin/2.6/maven-resources-plugin-2.6.jar for anonymous/172.17.0.1.
2019-01-19 18:11:46,065 [ACCEPTED DEPLOY] jcenter-cache:org/apache/maven/plugins/maven-compiler-plugin/3.2/maven-compiler-plugin-3.2.pom for anonymous/172.17.0.1.
2019-01-19 18:11:46,083 [ACCEPTED DEPLOY] libs-release:org/apache/maven/plugins/maven-compiler-plugin/3.2/maven-compiler-plugin-3.2.pom for anonymous/172.17.0.1.
2019-01-19 18:11:46,086 [ACCEPTED DOWNLOAD] libs-release:org/apache/maven/plugins/maven-compiler-plugin/3.2/maven-compiler-plugin-3.2.pom for anonymous/172.17.0.1.
2019-01-19 18:11:46,093 [ACCEPTED DOWNLOAD] libs-release:org/apache/maven/plugins/maven-compiler-plugin/3.2/maven-compiler-plugin-3.2.pom.sha1 for anonymous/172.17.0.1.
2019-01-19 18:11:46,162 [ACCEPTED DEPLOY] jcenter-cache:org/apache/maven/plugins/maven-compiler-plugin/3.2/maven-compiler-plugin-3.2.jar for anonymous/172.17.0.1.
2019-01-19 18:11:46,165 [ACCEPTED DOWNLOAD] jcenter:org/apache/maven/plugins/maven-compiler-plugin/3.2/maven-compiler-plugin-3.2.jar for anonymous/172.17.0.1.
2019-01-19 18:11:46,174 [ACCEPTED DOWNLOAD] libs-release:org/apache/maven/plugins/maven-compiler-plugin/3.2/maven-compiler-plugin-3.2.jar.sha1 for anonymous/172.17.0.1.
2019-01-19 18:11:46,236 [ACCEPTED DEPLOY] jcenter-cache:org/apache/maven/plugins/maven-surefire-plugin/2.17/maven-surefire-plugin-2.17.pom for anonymous/172.17.0.1.
2019-01-19 18:11:46,241 [ACCEPTED DOWNLOAD] jcenter:org/apache/maven/plugins/maven-surefire-plugin/2.17/maven-surefire-plugin-2.17.pom for anonymous/172.17.0.1.
2019-01-19 18:11:46,247 [ACCEPTED DOWNLOAD] libs-release:org/apache/maven/plugins/maven-surefire-plugin/2.17/maven-surefire-plugin-2.17.pom.sha1 for anonymous/172.17.0.1.
2019-01-19 18:11:46,308 [ACCEPTED DEPLOY] jcenter-cache:org/apache/maven/surefire/surefire/2.17/surefire-2.17.pom for anonymous/172.17.0.1.
2019-01-19 18:11:46,314 [ACCEPTED DOWNLOAD] jcenter:org/apache/maven/surefire/surefire/2.17/surefire-2.17.pom for anonymous/172.17.0.1.
2019-01-19 18:11:46,321 [ACCEPTED DOWNLOAD] libs-release:org/apache/maven/surefire/surefire/2.17/surefire-2.17.pom.sha1 for anonymous/172.17.0.1.
2019-01-19 18:11:46,395 [ACCEPTED DEPLOY] jcenter-cache:org/apache/maven/plugins/maven-surefire-plugin/2.17/maven-surefire-plugin-2.17.jar for anonymous/172.17.0.1.
2019-01-19 18:11:46,398 [ACCEPTED DOWNLOAD] jcenter:org/apache/maven/plugins/maven-surefire-plugin/2.17/maven-surefire-plugin-2.17.jar for anonymous/172.17.0.1.
2019-01-19 18:11:46,404 [ACCEPTED DOWNLOAD] libs-release:org/apache/maven/plugins/maven-surefire-plugin/2.17/maven-surefire-plugin-2.17.jar.sha1 for anonymous/172.17.0.1.
2019-01-19 18:11:46,478 [ACCEPTED DEPLOY] jcenter-cache:org/apache/commons/commons-email/1.1/commons-email-1.1.pom for anonymous/172.17.0.1.
2019-01-19 18:11:46,484 [ACCEPTED DOWNLOAD] jcenter:org/apache/commons/commons-email/1.1/commons-email-1.1.pom for anonymous/172.17.0.1.
2019-01-19 18:11:46,490 [ACCEPTED DOWNLOAD] libs-release:org/apache/commons/commons-email/1.1/commons-email-1.1.pom.sha1 for anonymous/172.17.0.1.
2019-01-19 18:11:46,549 [ACCEPTED DEPLOY] jcenter-cache:org/apache/commons/commons-parent/4/commons-parent-4.pom for anonymous/172.17.0.1.
2019-01-19 18:11:46,553 [ACCEPTED DOWNLOAD] jcenter:org/apache/commons/commons-parent/4/commons-parent-4.pom for anonymous/172.17.0.1.
2019-01-19 18:11:46,558 [ACCEPTED DOWNLOAD] libs-release:org/apache/commons/commons-parent/4/commons-parent-4.pom.sha1 for anonymous/172.17.0.1.
2019-01-19 18:11:46,611 [ACCEPTED DEPLOY] jcenter-cache:org/apache/apache/4/apache-4.pom for anonymous/172.17.0.1.
2019-01-19 18:11:46,621 [ACCEPTED DEPLOY] libs-release:org/apache/apache/4/apache-4.pom for anonymous/172.17.0.1.
2019-01-19 18:11:47,115 [ACCEPTED DEPLOY] jcenter-cache:javax/mail/mail/1.4/mail-1.4.pom for anonymous/172.17.0.1.
2019-01-19 18:11:47,120 [ACCEPTED DOWNLOAD] jcenter:javax/mail/mail/1.4/mail-1.4.pom for anonymous/172.17.0.1.
2019-01-19 18:11:47,126 [ACCEPTED DOWNLOAD] libs-release:javax/mail/mail/1.4/mail-1.4.pom.sha1 for anonymous/172.17.0.1.
2019-01-19 18:11:47,198 [ACCEPTED DEPLOY] jcenter-cache:javax/activation/activation/1.1/activation-1.1.pom for anonymous/172.17.0.1.
2019-01-19 18:11:47,204 [ACCEPTED DOWNLOAD] jcenter:javax/activation/activation/1.1/activation-1.1.pom for anonymous/172.17.0.1.
2019-01-19 18:11:47,214 [ACCEPTED DOWNLOAD] libs-release:javax/activation/activation/1.1/activation-1.1.pom.sha1 for anonymous/172.17.0.1.
2019-01-19 18:11:47,279 [ACCEPTED DEPLOY] jcenter-cache:org/codehaus/plexus/plexus-utils/1.5.1/plexus-utils-1.5.1.pom for anonymous/172.17.0.1.
2019-01-19 18:11:47,353 [ACCEPTED DEPLOY] jcenter-cache:org/codehaus/plexus/plexus/1.0.11/plexus-1.0.11.pom for anonymous/172.17.0.1.
2019-01-19 18:11:47,364 [ACCEPTED DEPLOY] libs-release:org/codehaus/plexus/plexus/1.0.11/plexus-1.0.11.pom for anonymous/172.17.0.1.
2019-01-19 18:11:47,437 [ACCEPTED DEPLOY] jcenter-cache:javax/servlet/jsp/jsp-api/2.1/jsp-api-2.1.pom for anonymous/172.17.0.1.
2019-01-19 18:11:47,443 [ACCEPTED DOWNLOAD] jcenter:javax/servlet/jsp/jsp-api/2.1/jsp-api-2.1.pom for anonymous/172.17.0.1.
2019-01-19 18:11:47,448 [ACCEPTED DOWNLOAD] libs-release:javax/servlet/jsp/jsp-api/2.1/jsp-api-2.1.pom.sha1 for anonymous/172.17.0.1.
2019-01-19 18:11:47,507 [ACCEPTED DEPLOY] jcenter-cache:commons-io/commons-io/1.4/commons-io-1.4.pom for anonymous/172.17.0.1.
2019-01-19 18:11:47,512 [ACCEPTED DOWNLOAD] jcenter:commons-io/commons-io/1.4/commons-io-1.4.pom for anonymous/172.17.0.1.
2019-01-19 18:11:47,517 [ACCEPTED DOWNLOAD] libs-release:commons-io/commons-io/1.4/commons-io-1.4.pom.sha1 for anonymous/172.17.0.1.
2019-01-19 18:11:47,580 [ACCEPTED DEPLOY] jcenter-cache:org/apache/commons/commons-parent/7/commons-parent-7.pom for anonymous/172.17.0.1.
2019-01-19 18:11:47,585 [ACCEPTED DOWNLOAD] jcenter:org/apache/commons/commons-parent/7/commons-parent-7.pom for anonymous/172.17.0.1.
2019-01-19 18:11:47,591 [ACCEPTED DOWNLOAD] libs-release:org/apache/commons/commons-parent/7/commons-parent-7.pom.sha1 for anonymous/172.17.0.1.
2019-01-19 18:11:47,662 [ACCEPTED DEPLOY] jcenter-cache:org/springframework/spring-aop/2.5.6/spring-aop-2.5.6.pom for anonymous/172.17.0.1.
2019-01-19 18:11:47,666 [ACCEPTED DOWNLOAD] jcenter:org/springframework/spring-aop/2.5.6/spring-aop-2.5.6.pom for anonymous/172.17.0.1.
2019-01-19 18:11:47,671 [ACCEPTED DOWNLOAD] libs-release:org/springframework/spring-aop/2.5.6/spring-aop-2.5.6.pom.sha1 for anonymous/172.17.0.1.
2019-01-19 18:11:47,737 [ACCEPTED DEPLOY] jcenter-cache:aopalliance/aopalliance/1.0/aopalliance-1.0.pom for anonymous/172.17.0.1.
2019-01-19 18:11:47,798 [ACCEPTED DEPLOY] jcenter-cache:commons-logging/commons-logging/1.1.1/commons-logging-1.1.1.pom for anonymous/172.17.0.1.
2019-01-19 18:11:47,805 [ACCEPTED DOWNLOAD] jcenter:commons-logging/commons-logging/1.1.1/commons-logging-1.1.1.pom for anonymous/172.17.0.1.
2019-01-19 18:11:47,811 [ACCEPTED DOWNLOAD] libs-release:commons-logging/commons-logging/1.1.1/commons-logging-1.1.1.pom.sha1 for anonymous/172.17.0.1.
2019-01-19 18:11:47,868 [ACCEPTED DEPLOY] jcenter-cache:org/apache/commons/commons-parent/5/commons-parent-5.pom for anonymous/172.17.0.1.
2019-01-19 18:11:47,872 [ACCEPTED DOWNLOAD] jcenter:org/apache/commons/commons-parent/5/commons-parent-5.pom for anonymous/172.17.0.1.
2019-01-19 18:11:47,878 [ACCEPTED DOWNLOAD] libs-release:org/apache/commons/commons-parent/5/commons-parent-5.pom.sha1 for anonymous/172.17.0.1.
2019-01-19 18:11:47,947 [ACCEPTED DEPLOY] jcenter-cache:org/springframework/spring-beans/2.5.6/spring-beans-2.5.6.pom for anonymous/172.17.0.1.
2019-01-19 18:11:47,955 [ACCEPTED DOWNLOAD] jcenter:org/springframework/spring-beans/2.5.6/spring-beans-2.5.6.pom for anonymous/172.17.0.1.
2019-01-19 18:11:47,960 [ACCEPTED DOWNLOAD] libs-release:org/springframework/spring-beans/2.5.6/spring-beans-2.5.6.pom.sha1 for anonymous/172.17.0.1.
2019-01-19 18:11:48,021 [ACCEPTED DEPLOY] jcenter-cache:org/springframework/spring-core/2.5.6/spring-core-2.5.6.pom for anonymous/172.17.0.1.
2019-01-19 18:11:48,026 [ACCEPTED DOWNLOAD] jcenter:org/springframework/spring-core/2.5.6/spring-core-2.5.6.pom for anonymous/172.17.0.1.
2019-01-19 18:11:48,031 [ACCEPTED DOWNLOAD] libs-release:org/springframework/spring-core/2.5.6/spring-core-2.5.6.pom.sha1 for anonymous/172.17.0.1.
2019-01-19 18:11:48,088 [ACCEPTED DEPLOY] jcenter-cache:org/testng/testng/5.9/testng-5.9.pom for anonymous/172.17.0.1.
2019-01-19 18:11:48,093 [ACCEPTED DOWNLOAD] jcenter:org/testng/testng/5.9/testng-5.9.pom for anonymous/172.17.0.1.
2019-01-19 18:11:48,099 [ACCEPTED DOWNLOAD] libs-release:org/testng/testng/5.9/testng-5.9.pom.sha1 for anonymous/172.17.0.1.
2019-01-19 18:11:48,177 [ACCEPTED DEPLOY] jcenter-cache:org/apache/commons/commons-email/1.1/commons-email-1.1.jar for anonymous/172.17.0.1.
2019-01-19 18:11:48,180 [ACCEPTED DOWNLOAD] jcenter:org/apache/commons/commons-email/1.1/commons-email-1.1.jar for anonymous/172.17.0.1.
2019-01-19 18:11:48,188 [ACCEPTED DOWNLOAD] libs-release:org/apache/commons/commons-email/1.1/commons-email-1.1.jar.sha1 for anonymous/172.17.0.1.
2019-01-19 18:11:48,261 [ACCEPTED DEPLOY] jcenter-cache:commons-io/commons-io/1.4/commons-io-1.4.jar for anonymous/172.17.0.1.
2019-01-19 18:11:48,265 [ACCEPTED DOWNLOAD] jcenter:commons-io/commons-io/1.4/commons-io-1.4.jar for anonymous/172.17.0.1.
2019-01-19 18:11:48,269 [ACCEPTED DEPLOY] jcenter-cache:javax/activation/activation/1.1/activation-1.1.jar for anonymous/172.17.0.1.
2019-01-19 18:11:48,272 [ACCEPTED DOWNLOAD] libs-release:commons-io/commons-io/1.4/commons-io-1.4.jar.sha1 for anonymous/172.17.0.1.
2019-01-19 18:11:48,276 [ACCEPTED DOWNLOAD] jcenter:javax/activation/activation/1.1/activation-1.1.jar for anonymous/172.17.0.1.
2019-01-19 18:11:48,284 [ACCEPTED DOWNLOAD] libs-release:javax/activation/activation/1.1/activation-1.1.jar.sha1 for anonymous/172.17.0.1.
2019-01-19 18:11:48,296 [ACCEPTED DEPLOY] jcenter-cache:javax/servlet/jsp/jsp-api/2.1/jsp-api-2.1.jar for anonymous/172.17.0.1.
2019-01-19 18:11:48,299 [ACCEPTED DOWNLOAD] jcenter:javax/servlet/jsp/jsp-api/2.1/jsp-api-2.1.jar for anonymous/172.17.0.1.
2019-01-19 18:11:48,306 [ACCEPTED DOWNLOAD] libs-release:javax/servlet/jsp/jsp-api/2.1/jsp-api-2.1.jar.sha1 for anonymous/172.17.0.1.
2019-01-19 18:11:48,348 [ACCEPTED DEPLOY] jcenter-cache:aopalliance/aopalliance/1.0/aopalliance-1.0.jar for anonymous/172.17.0.1.
2019-01-19 18:11:48,367 [ACCEPTED DEPLOY] jcenter-cache:commons-logging/commons-logging/1.1.1/commons-logging-1.1.1.jar for anonymous/172.17.0.1.
2019-01-19 18:11:48,370 [ACCEPTED DOWNLOAD] jcenter:commons-logging/commons-logging/1.1.1/commons-logging-1.1.1.jar for anonymous/172.17.0.1.
2019-01-19 18:11:48,381 [ACCEPTED DOWNLOAD] libs-release:commons-logging/commons-logging/1.1.1/commons-logging-1.1.1.jar.sha1 for anonymous/172.17.0.1.
2019-01-19 18:11:49,947 [ACCEPTED DEPLOY] jcenter-cache:javax/mail/mail/1.4/mail-1.4.jar for anonymous/172.17.0.1.
2019-01-19 18:11:49,950 [ACCEPTED DOWNLOAD] jcenter:javax/mail/mail/1.4/mail-1.4.jar for anonymous/172.17.0.1.
2019-01-19 18:11:49,966 [ACCEPTED DOWNLOAD] libs-release:javax/mail/mail/1.4/mail-1.4.jar.sha1 for anonymous/172.17.0.1.
2019-01-19 18:11:50,364 [ACCEPTED DEPLOY] jcenter-cache:org/springframework/spring-beans/2.5.6/spring-beans-2.5.6.jar for anonymous/172.17.0.1.
2019-01-19 18:11:50,367 [ACCEPTED DOWNLOAD] jcenter:org/springframework/spring-beans/2.5.6/spring-beans-2.5.6.jar for anonymous/172.17.0.1.
2019-01-19 18:11:50,381 [ACCEPTED DOWNLOAD] libs-release:org/springframework/spring-beans/2.5.6/spring-beans-2.5.6.jar.sha1 for anonymous/172.17.0.1.
2019-01-19 18:11:50,396 [ACCEPTED DEPLOY] jcenter-cache:org/springframework/spring-aop/2.5.6/spring-aop-2.5.6.jar for anonymous/172.17.0.1.
2019-01-19 18:11:50,399 [ACCEPTED DOWNLOAD] jcenter:org/springframework/spring-aop/2.5.6/spring-aop-2.5.6.jar for anonymous/172.17.0.1.
2019-01-19 18:11:50,412 [ACCEPTED DOWNLOAD] libs-release:org/springframework/spring-aop/2.5.6/spring-aop-2.5.6.jar.sha1 for anonymous/172.17.0.1.
2019-01-19 18:11:50,427 [ACCEPTED DEPLOY] jcenter-cache:org/springframework/spring-core/2.5.6/spring-core-2.5.6.jar for anonymous/172.17.0.1.
2019-01-19 18:11:50,431 [ACCEPTED DOWNLOAD] jcenter:org/springframework/spring-core/2.5.6/spring-core-2.5.6.jar for anonymous/172.17.0.1.
2019-01-19 18:11:50,443 [ACCEPTED DOWNLOAD] libs-release:org/springframework/spring-core/2.5.6/spring-core-2.5.6.jar.sha1 for anonymous/172.17.0.1.
2019-01-19 18:11:50,491 [ACCEPTED DEPLOY] jcenter-cache:org/codehaus/plexus/plexus-utils/1.5.1/plexus-utils-1.5.1.jar for anonymous/172.17.0.1.
2019-01-19 18:11:52,543 [ACCEPTED DEPLOY] jcenter-cache:org/testng/testng/5.9/testng-5.9-jdk15.jar for anonymous/172.17.0.1.
2019-01-19 18:11:52,546 [ACCEPTED DOWNLOAD] jcenter:org/testng/testng/5.9/testng-5.9-jdk15.jar for anonymous/172.17.0.1.
2019-01-19 18:11:52,568 [ACCEPTED DOWNLOAD] libs-release:org/testng/testng/5.9/testng-5.9-jdk15.jar.sha1 for anonymous/172.17.0.1.
2019-01-19 18:11:52,657 [ACCEPTED DEPLOY] jcenter-cache:org/apache/maven/maven-plugin-api/2.0.6/maven-plugin-api-2.0.6.pom for anonymous/172.17.0.1.
2019-01-19 18:11:52,717 [ACCEPTED DEPLOY] jcenter-cache:org/apache/maven/maven/2.0.6/maven-2.0.6.pom for anonymous/172.17.0.1.
2019-01-19 18:11:52,779 [ACCEPTED DEPLOY] jcenter-cache:org/apache/maven/maven-parent/5/maven-parent-5.pom for anonymous/172.17.0.1.
2019-01-19 18:11:52,835 [ACCEPTED DEPLOY] jcenter-cache:org/apache/apache/3/apache-3.pom for anonymous/172.17.0.1.
2019-01-19 18:11:52,842 [ACCEPTED DEPLOY] libs-release:org/apache/apache/3/apache-3.pom for anonymous/172.17.0.1.
2019-01-19 18:11:52,900 [ACCEPTED DEPLOY] jcenter-cache:org/apache/maven/maven-project/2.0.6/maven-project-2.0.6.pom for anonymous/172.17.0.1.
2019-01-19 18:11:52,971 [ACCEPTED DEPLOY] jcenter-cache:org/apache/maven/maven-settings/2.0.6/maven-settings-2.0.6.pom for anonymous/172.17.0.1.
2019-01-19 18:11:53,054 [ACCEPTED DEPLOY] jcenter-cache:org/apache/maven/maven-model/2.0.6/maven-model-2.0.6.pom for anonymous/172.17.0.1.
2019-01-19 18:11:53,125 [ACCEPTED DEPLOY] jcenter-cache:org/codehaus/plexus/plexus-utils/1.4.1/plexus-utils-1.4.1.pom for anonymous/172.17.0.1.
2019-01-19 18:11:53,216 [ACCEPTED DEPLOY] jcenter-cache:org/apache/maven/maven-profile/2.0.6/maven-profile-2.0.6.pom for anonymous/172.17.0.1.
2019-01-19 18:11:53,277 [ACCEPTED DEPLOY] jcenter-cache:org/apache/maven/maven-artifact-manager/2.0.6/maven-artifact-manager-2.0.6.pom for anonymous/172.17.0.1.
2019-01-19 18:11:53,338 [ACCEPTED DEPLOY] jcenter-cache:org/apache/maven/maven-repository-metadata/2.0.6/maven-repository-metadata-2.0.6.pom for anonymous/172.17.0.1.
2019-01-19 18:11:53,400 [ACCEPTED DEPLOY] jcenter-cache:org/apache/maven/maven-artifact/2.0.6/maven-artifact-2.0.6.pom for anonymous/172.17.0.1.
2019-01-19 18:11:53,472 [ACCEPTED DEPLOY] jcenter-cache:org/apache/maven/maven-plugin-registry/2.0.6/maven-plugin-registry-2.0.6.pom for anonymous/172.17.0.1.
2019-01-19 18:11:53,534 [ACCEPTED DEPLOY] jcenter-cache:org/apache/maven/maven-core/2.0.6/maven-core-2.0.6.pom for anonymous/172.17.0.1.
2019-01-19 18:11:53,596 [ACCEPTED DEPLOY] jcenter-cache:org/apache/maven/maven-plugin-parameter-documenter/2.0.6/maven-plugin-parameter-documenter-2.0.6.pom for anonymous/172.17.0.1.
2019-01-19 18:11:53,659 [ACCEPTED DEPLOY] jcenter-cache:org/apache/maven/reporting/maven-reporting-api/2.0.6/maven-reporting-api-2.0.6.pom for anonymous/172.17.0.1.
2019-01-19 18:11:53,719 [ACCEPTED DEPLOY] jcenter-cache:org/apache/maven/reporting/maven-reporting/2.0.6/maven-reporting-2.0.6.pom for anonymous/172.17.0.1.
2019-01-19 18:11:53,783 [ACCEPTED DEPLOY] jcenter-cache:org/apache/maven/doxia/doxia-sink-api/1.0-alpha-7/doxia-sink-api-1.0-alpha-7.pom for anonymous/172.17.0.1.
2019-01-19 18:11:53,852 [ACCEPTED DEPLOY] jcenter-cache:org/apache/maven/doxia/doxia/1.0-alpha-7/doxia-1.0-alpha-7.pom for anonymous/172.17.0.1.
2019-01-19 18:11:53,911 [ACCEPTED DEPLOY] jcenter-cache:org/apache/maven/maven-error-diagnostics/2.0.6/maven-error-diagnostics-2.0.6.pom for anonymous/172.17.0.1.
2019-01-19 18:11:53,972 [ACCEPTED DEPLOY] jcenter-cache:commons-cli/commons-cli/1.0/commons-cli-1.0.pom for anonymous/172.17.0.1.
2019-01-19 18:11:54,065 [ACCEPTED DEPLOY] jcenter-cache:org/apache/maven/maven-plugin-descriptor/2.0.6/maven-plugin-descriptor-2.0.6.pom for anonymous/172.17.0.1.
2019-01-19 18:11:54,128 [ACCEPTED DEPLOY] jcenter-cache:org/codehaus/plexus/plexus-interactivity-api/1.0-alpha-4/plexus-interactivity-api-1.0-alpha-4.pom for anonymous/172.17.0.1.
2019-01-19 18:11:54,161 [ACCEPTED DEPLOY] libs-release:org/codehaus/plexus/plexus-interactivity-api/1.0-alpha-4/plexus-interactivity-api-1.0-alpha-4.pom for anonymous/172.17.0.1.
2019-01-19 18:11:54,226 [ACCEPTED DEPLOY] jcenter-cache:org/apache/maven/maven-monitor/2.0.6/maven-monitor-2.0.6.pom for anonymous/172.17.0.1.
2019-01-19 18:11:54,302 [ACCEPTED DEPLOY] jcenter-cache:classworlds/classworlds/1.1/classworlds-1.1.pom for anonymous/172.17.0.1.
2019-01-19 18:11:54,377 [ACCEPTED DEPLOY] jcenter-cache:org/codehaus/plexus/plexus-utils/2.0.5/plexus-utils-2.0.5.pom for anonymous/172.17.0.1.
2019-01-19 18:11:54,436 [ACCEPTED DEPLOY] jcenter-cache:org/codehaus/plexus/plexus/2.0.6/plexus-2.0.6.pom for anonymous/172.17.0.1.
2019-01-19 18:11:54,503 [ACCEPTED DEPLOY] jcenter-cache:org/apache/maven/shared/maven-filtering/1.1/maven-filtering-1.1.pom for anonymous/172.17.0.1.
2019-01-19 18:11:54,564 [ACCEPTED DEPLOY] jcenter-cache:org/apache/maven/shared/maven-shared-components/17/maven-shared-components-17.pom for anonymous/172.17.0.1.
2019-01-19 18:11:54,573 [ACCEPTED DEPLOY] libs-release:org/apache/maven/shared/maven-shared-components/17/maven-shared-components-17.pom for anonymous/172.17.0.1.
2019-01-19 18:11:54,632 [ACCEPTED DEPLOY] jcenter-cache:org/codehaus/plexus/plexus-interpolation/1.12/plexus-interpolation-1.12.pom for anonymous/172.17.0.1.
2019-01-19 18:11:54,703 [ACCEPTED DEPLOY] jcenter-cache:org/sonatype/plexus/plexus-build-api/0.0.4/plexus-build-api-0.0.4.pom for anonymous/172.17.0.1.
2019-01-19 18:11:54,762 [ACCEPTED DEPLOY] jcenter-cache:org/sonatype/spice/spice-parent/10/spice-parent-10.pom for anonymous/172.17.0.1.
2019-01-19 18:11:54,820 [ACCEPTED DEPLOY] jcenter-cache:org/sonatype/forge/forge-parent/3/forge-parent-3.pom for anonymous/172.17.0.1.
2019-01-19 18:11:54,879 [ACCEPTED DEPLOY] jcenter-cache:org/codehaus/plexus/plexus-utils/1.5.8/plexus-utils-1.5.8.pom for anonymous/172.17.0.1.
2019-01-19 18:11:54,952 [ACCEPTED DEPLOY] jcenter-cache:org/codehaus/plexus/plexus-interpolation/1.13/plexus-interpolation-1.13.pom for anonymous/172.17.0.1.
2019-01-19 18:11:55,011 [ACCEPTED DEPLOY] jcenter-cache:org/codehaus/plexus/plexus-components/1.1.15/plexus-components-1.1.15.pom for anonymous/172.17.0.1.
2019-01-19 18:11:55,075 [ACCEPTED DEPLOY] jcenter-cache:org/codehaus/plexus/plexus/2.0.3/plexus-2.0.3.pom for anonymous/172.17.0.1.
2019-01-19 18:11:55,152 [ACCEPTED DEPLOY] jcenter-cache:org/apache/maven/maven-plugin-api/2.0.6/maven-plugin-api-2.0.6.jar for anonymous/172.17.0.1.
2019-01-19 18:11:55,164 [ACCEPTED DEPLOY] jcenter-cache:org/apache/maven/maven-profile/2.0.6/maven-profile-2.0.6.jar for anonymous/172.17.0.1.
2019-01-19 18:11:55,177 [ACCEPTED DEPLOY] jcenter-cache:org/apache/maven/maven-project/2.0.6/maven-project-2.0.6.jar for anonymous/172.17.0.1.
2019-01-19 18:11:55,179 [ACCEPTED DEPLOY] jcenter-cache:org/apache/maven/maven-artifact-manager/2.0.6/maven-artifact-manager-2.0.6.jar for anonymous/172.17.0.1.
2019-01-19 18:11:55,180 [ACCEPTED DEPLOY] jcenter-cache:org/apache/maven/maven-plugin-registry/2.0.6/maven-plugin-registry-2.0.6.jar for anonymous/172.17.0.1.
2019-01-19 18:11:55,220 [ACCEPTED DEPLOY] jcenter-cache:org/apache/maven/maven-core/2.0.6/maven-core-2.0.6.jar for anonymous/172.17.0.1.
2019-01-19 18:11:55,232 [ACCEPTED DEPLOY] jcenter-cache:org/apache/maven/reporting/maven-reporting-api/2.0.6/maven-reporting-api-2.0.6.jar for anonymous/172.17.0.1.
2019-01-19 18:11:55,245 [ACCEPTED DEPLOY] jcenter-cache:org/apache/maven/doxia/doxia-sink-api/1.0-alpha-7/doxia-sink-api-1.0-alpha-7.jar for anonymous/172.17.0.1.
2019-01-19 18:11:55,257 [ACCEPTED DEPLOY] jcenter-cache:org/apache/maven/maven-repository-metadata/2.0.6/maven-repository-metadata-2.0.6.jar for anonymous/172.17.0.1.
2019-01-19 18:11:55,275 [ACCEPTED DEPLOY] jcenter-cache:org/apache/maven/maven-error-diagnostics/2.0.6/maven-error-diagnostics-2.0.6.jar for anonymous/172.17.0.1.
2019-01-19 18:11:55,285 [ACCEPTED DEPLOY] jcenter-cache:commons-cli/commons-cli/1.0/commons-cli-1.0.jar for anonymous/172.17.0.1.
2019-01-19 18:11:55,299 [ACCEPTED DEPLOY] jcenter-cache:org/apache/maven/maven-plugin-parameter-documenter/2.0.6/maven-plugin-parameter-documenter-2.0.6.jar for anonymous/172.17.0.1.
2019-01-19 18:11:55,302 [ACCEPTED DEPLOY] jcenter-cache:org/apache/maven/maven-plugin-descriptor/2.0.6/maven-plugin-descriptor-2.0.6.jar for anonymous/172.17.0.1.
2019-01-19 18:11:55,318 [ACCEPTED DEPLOY] jcenter-cache:org/codehaus/plexus/plexus-interactivity-api/1.0-alpha-4/plexus-interactivity-api-1.0-alpha-4.jar for anonymous/172.17.0.1.
2019-01-19 18:11:55,343 [ACCEPTED DEPLOY] jcenter-cache:classworlds/classworlds/1.1/classworlds-1.1.jar for anonymous/172.17.0.1.
2019-01-19 18:11:55,358 [ACCEPTED DEPLOY] jcenter-cache:org/apache/maven/maven-artifact/2.0.6/maven-artifact-2.0.6.jar for anonymous/172.17.0.1.
2019-01-19 18:11:55,361 [ACCEPTED DEPLOY] jcenter-cache:org/apache/maven/maven-settings/2.0.6/maven-settings-2.0.6.jar for anonymous/172.17.0.1.
2019-01-19 18:11:55,362 [ACCEPTED DEPLOY] jcenter-cache:org/apache/maven/maven-model/2.0.6/maven-model-2.0.6.jar for anonymous/172.17.0.1.
2019-01-19 18:11:55,381 [ACCEPTED DEPLOY] jcenter-cache:org/apache/maven/maven-monitor/2.0.6/maven-monitor-2.0.6.jar for anonymous/172.17.0.1.
2019-01-19 18:11:55,421 [ACCEPTED DEPLOY] jcenter-cache:org/sonatype/plexus/plexus-build-api/0.0.4/plexus-build-api-0.0.4.jar for anonymous/172.17.0.1.
2019-01-19 18:11:55,425 [ACCEPTED DEPLOY] jcenter-cache:org/apache/maven/shared/maven-filtering/1.1/maven-filtering-1.1.jar for anonymous/172.17.0.1.
2019-01-19 18:11:55,439 [ACCEPTED DEPLOY] jcenter-cache:org/codehaus/plexus/plexus-interpolation/1.13/plexus-interpolation-1.13.jar for anonymous/172.17.0.1.
2019-01-19 18:11:55,747 [ACCEPTED DEPLOY] jcenter-cache:org/codehaus/plexus/plexus-utils/2.0.5/plexus-utils-2.0.5.jar for anonymous/172.17.0.1.
2019-01-19 18:11:55,994 [ACCEPTED DEPLOY] jcenter-cache:org/apache/maven/maven-plugin-api/2.0.9/maven-plugin-api-2.0.9.pom for anonymous/172.17.0.1.
2019-01-19 18:11:56,081 [ACCEPTED DEPLOY] jcenter-cache:org/apache/maven/maven/2.0.9/maven-2.0.9.pom for anonymous/172.17.0.1.
2019-01-19 18:11:56,191 [ACCEPTED DEPLOY] jcenter-cache:org/apache/maven/maven-parent/8/maven-parent-8.pom for anonymous/172.17.0.1.
2019-01-19 18:11:56,314 [ACCEPTED DEPLOY] jcenter-cache:org/apache/maven/maven-artifact/2.0.9/maven-artifact-2.0.9.pom for anonymous/172.17.0.1.
2019-01-19 18:11:56,386 [ACCEPTED DEPLOY] jcenter-cache:org/apache/maven/maven-core/2.0.9/maven-core-2.0.9.pom for anonymous/172.17.0.1.
2019-01-19 18:11:56,398 [ACCEPTED DEPLOY] libs-release:org/apache/maven/maven-core/2.0.9/maven-core-2.0.9.pom for anonymous/172.17.0.1.
2019-01-19 18:11:56,478 [ACCEPTED DEPLOY] jcenter-cache:org/apache/maven/maven-settings/2.0.9/maven-settings-2.0.9.pom for anonymous/172.17.0.1.
2019-01-19 18:11:56,560 [ACCEPTED DEPLOY] jcenter-cache:org/apache/maven/maven-model/2.0.9/maven-model-2.0.9.pom for anonymous/172.17.0.1.
2019-01-19 18:11:56,632 [ACCEPTED DEPLOY] jcenter-cache:org/apache/maven/maven-plugin-parameter-documenter/2.0.9/maven-plugin-parameter-documenter-2.0.9.pom for anonymous/172.17.0.1.
2019-01-19 18:11:56,694 [ACCEPTED DEPLOY] jcenter-cache:org/apache/maven/maven-profile/2.0.9/maven-profile-2.0.9.pom for anonymous/172.17.0.1.
2019-01-19 18:11:56,759 [ACCEPTED DEPLOY] jcenter-cache:org/apache/maven/maven-repository-metadata/2.0.9/maven-repository-metadata-2.0.9.pom for anonymous/172.17.0.1.
2019-01-19 18:11:56,858 [ACCEPTED DEPLOY] jcenter-cache:org/apache/maven/maven-error-diagnostics/2.0.9/maven-error-diagnostics-2.0.9.pom for anonymous/172.17.0.1.
2019-01-19 18:11:56,926 [ACCEPTED DEPLOY] jcenter-cache:org/apache/maven/maven-project/2.0.9/maven-project-2.0.9.pom for anonymous/172.17.0.1.
2019-01-19 18:11:57,002 [ACCEPTED DEPLOY] jcenter-cache:org/apache/maven/maven-artifact-manager/2.0.9/maven-artifact-manager-2.0.9.pom for anonymous/172.17.0.1.
2019-01-19 18:11:57,074 [ACCEPTED DEPLOY] jcenter-cache:org/apache/maven/maven-plugin-registry/2.0.9/maven-plugin-registry-2.0.9.pom for anonymous/172.17.0.1.
2019-01-19 18:11:57,172 [ACCEPTED DEPLOY] jcenter-cache:org/apache/maven/maven-plugin-descriptor/2.0.9/maven-plugin-descriptor-2.0.9.pom for anonymous/172.17.0.1.
2019-01-19 18:11:57,233 [ACCEPTED DEPLOY] jcenter-cache:org/apache/maven/maven-monitor/2.0.9/maven-monitor-2.0.9.pom for anonymous/172.17.0.1.
2019-01-19 18:11:57,296 [ACCEPTED DEPLOY] jcenter-cache:org/apache/maven/maven-toolchain/1.0/maven-toolchain-1.0.pom for anonymous/172.17.0.1.
2019-01-19 18:11:57,360 [ACCEPTED DEPLOY] jcenter-cache:org/apache/maven/shared/maven-shared-utils/0.1/maven-shared-utils-0.1.pom for anonymous/172.17.0.1.
2019-01-19 18:11:57,422 [ACCEPTED DEPLOY] jcenter-cache:org/apache/maven/shared/maven-shared-components/18/maven-shared-components-18.pom for anonymous/172.17.0.1.
2019-01-19 18:11:57,432 [ACCEPTED DEPLOY] libs-release:org/apache/maven/shared/maven-shared-components/18/maven-shared-components-18.pom for anonymous/172.17.0.1.
2019-01-19 18:11:57,504 [ACCEPTED DEPLOY] jcenter-cache:org/apache/maven/shared/maven-shared-incremental/1.1/maven-shared-incremental-1.1.pom for anonymous/172.17.0.1.
2019-01-19 18:11:57,565 [ACCEPTED DEPLOY] jcenter-cache:org/apache/maven/maven-core/2.2.1/maven-core-2.2.1.pom for anonymous/172.17.0.1.
2019-01-19 18:11:57,629 [ACCEPTED DEPLOY] jcenter-cache:org/apache/maven/maven-plugin-parameter-documenter/2.2.1/maven-plugin-parameter-documenter-2.2.1.pom for anonymous/172.17.0.1.
2019-01-19 18:11:57,696 [ACCEPTED DEPLOY] jcenter-cache:org/slf4j/slf4j-jdk14/1.5.6/slf4j-jdk14-1.5.6.pom for anonymous/172.17.0.1.
2019-01-19 18:11:58,187 [ACCEPTED DEPLOY] jcenter-cache:org/slf4j/slf4j-parent/1.5.6/slf4j-parent-1.5.6.pom for anonymous/172.17.0.1.
2019-01-19 18:11:58,195 [ACCEPTED DEPLOY] libs-release:org/slf4j/slf4j-parent/1.5.6/slf4j-parent-1.5.6.pom for anonymous/172.17.0.1.
2019-01-19 18:11:58,254 [ACCEPTED DEPLOY] jcenter-cache:org/slf4j/slf4j-api/1.5.6/slf4j-api-1.5.6.pom for anonymous/172.17.0.1.
2019-01-19 18:11:58,318 [ACCEPTED DEPLOY] jcenter-cache:org/slf4j/jcl-over-slf4j/1.5.6/jcl-over-slf4j-1.5.6.pom for anonymous/172.17.0.1.
2019-01-19 18:11:58,430 [ACCEPTED DEPLOY] jcenter-cache:org/apache/maven/maven-error-diagnostics/2.2.1/maven-error-diagnostics-2.2.1.pom for anonymous/172.17.0.1.
2019-01-19 18:11:58,493 [ACCEPTED DEPLOY] jcenter-cache:org/apache/maven/maven-plugin-descriptor/2.2.1/maven-plugin-descriptor-2.2.1.pom for anonymous/172.17.0.1.
2019-01-19 18:11:58,566 [ACCEPTED DEPLOY] jcenter-cache:org/apache/maven/maven-monitor/2.2.1/maven-monitor-2.2.1.pom for anonymous/172.17.0.1.
2019-01-19 18:11:58,644 [ACCEPTED DEPLOY] jcenter-cache:org/sonatype/plexus/plexus-sec-dispatcher/1.3/plexus-sec-dispatcher-1.3.pom for anonymous/172.17.0.1.
2019-01-19 18:11:58,712 [ACCEPTED DEPLOY] jcenter-cache:org/sonatype/spice/spice-parent/12/spice-parent-12.pom for anonymous/172.17.0.1.
2019-01-19 18:11:58,779 [ACCEPTED DEPLOY] jcenter-cache:org/sonatype/forge/forge-parent/4/forge-parent-4.pom for anonymous/172.17.0.1.
2019-01-19 18:11:58,846 [ACCEPTED DEPLOY] jcenter-cache:org/codehaus/plexus/plexus-utils/1.5.5/plexus-utils-1.5.5.pom for anonymous/172.17.0.1.
2019-01-19 18:11:58,905 [ACCEPTED DEPLOY] jcenter-cache:org/sonatype/plexus/plexus-cipher/1.4/plexus-cipher-1.4.pom for anonymous/172.17.0.1.
2019-01-19 18:11:58,968 [ACCEPTED DEPLOY] jcenter-cache:org/codehaus/plexus/plexus-component-annotations/1.5.5/plexus-component-annotations-1.5.5.pom for anonymous/172.17.0.1.
2019-01-19 18:11:59,026 [ACCEPTED DEPLOY] jcenter-cache:org/codehaus/plexus/plexus-containers/1.5.5/plexus-containers-1.5.5.pom for anonymous/172.17.0.1.
2019-01-19 18:11:59,088 [ACCEPTED DEPLOY] jcenter-cache:org/codehaus/plexus/plexus/2.0.7/plexus-2.0.7.pom for anonymous/172.17.0.1.
2019-01-19 18:11:59,162 [ACCEPTED DEPLOY] jcenter-cache:org/codehaus/plexus/plexus-compiler-api/2.4/plexus-compiler-api-2.4.pom for anonymous/172.17.0.1.
2019-01-19 18:11:59,167 [ACCEPTED DOWNLOAD] jcenter:org/codehaus/plexus/plexus-compiler-api/2.4/plexus-compiler-api-2.4.pom for anonymous/172.17.0.1.
2019-01-19 18:11:59,172 [ACCEPTED DOWNLOAD] libs-release:org/codehaus/plexus/plexus-compiler-api/2.4/plexus-compiler-api-2.4.pom.sha1 for anonymous/172.17.0.1.
2019-01-19 18:11:59,233 [ACCEPTED DEPLOY] jcenter-cache:org/codehaus/plexus/plexus-compiler/2.4/plexus-compiler-2.4.pom for anonymous/172.17.0.1.
2019-01-19 18:11:59,237 [ACCEPTED DOWNLOAD] jcenter:org/codehaus/plexus/plexus-compiler/2.4/plexus-compiler-2.4.pom for anonymous/172.17.0.1.
2019-01-19 18:11:59,243 [ACCEPTED DOWNLOAD] libs-release:org/codehaus/plexus/plexus-compiler/2.4/plexus-compiler-2.4.pom.sha1 for anonymous/172.17.0.1.
2019-01-19 18:11:59,300 [ACCEPTED DEPLOY] jcenter-cache:org/codehaus/plexus/plexus-components/1.3.1/plexus-components-1.3.1.pom for anonymous/172.17.0.1.
2019-01-19 18:11:59,311 [ACCEPTED DEPLOY] libs-release:org/codehaus/plexus/plexus-components/1.3.1/plexus-components-1.3.1.pom for anonymous/172.17.0.1.
2019-01-19 18:11:59,381 [ACCEPTED DEPLOY] jcenter-cache:org/codehaus/plexus/plexus-utils/3.0.10/plexus-utils-3.0.10.pom for anonymous/172.17.0.1.
2019-01-19 18:11:59,385 [ACCEPTED DOWNLOAD] jcenter:org/codehaus/plexus/plexus-utils/3.0.10/plexus-utils-3.0.10.pom for anonymous/172.17.0.1.
2019-01-19 18:11:59,390 [ACCEPTED DOWNLOAD] libs-release:org/codehaus/plexus/plexus-utils/3.0.10/plexus-utils-3.0.10.pom.sha1 for anonymous/172.17.0.1.
2019-01-19 18:11:59,449 [ACCEPTED DEPLOY] jcenter-cache:org/codehaus/plexus/plexus/3.3/plexus-3.3.pom for anonymous/172.17.0.1.
2019-01-19 18:11:59,517 [ACCEPTED DEPLOY] jcenter-cache:org/codehaus/plexus/plexus-compiler-manager/2.4/plexus-compiler-manager-2.4.pom for anonymous/172.17.0.1.
2019-01-19 18:11:59,520 [ACCEPTED DOWNLOAD] jcenter:org/codehaus/plexus/plexus-compiler-manager/2.4/plexus-compiler-manager-2.4.pom for anonymous/172.17.0.1.
2019-01-19 18:11:59,525 [ACCEPTED DOWNLOAD] libs-release:org/codehaus/plexus/plexus-compiler-manager/2.4/plexus-compiler-manager-2.4.pom.sha1 for anonymous/172.17.0.1.
2019-01-19 18:11:59,580 [ACCEPTED DEPLOY] jcenter-cache:org/codehaus/plexus/plexus-compiler-javac/2.4/plexus-compiler-javac-2.4.pom for anonymous/172.17.0.1.
2019-01-19 18:11:59,584 [ACCEPTED DOWNLOAD] jcenter:org/codehaus/plexus/plexus-compiler-javac/2.4/plexus-compiler-javac-2.4.pom for anonymous/172.17.0.1.
2019-01-19 18:11:59,588 [ACCEPTED DOWNLOAD] libs-release:org/codehaus/plexus/plexus-compiler-javac/2.4/plexus-compiler-javac-2.4.pom.sha1 for anonymous/172.17.0.1.
2019-01-19 18:11:59,643 [ACCEPTED DEPLOY] jcenter-cache:org/codehaus/plexus/plexus-compilers/2.4/plexus-compilers-2.4.pom for anonymous/172.17.0.1.
2019-01-19 18:11:59,647 [ACCEPTED DOWNLOAD] jcenter:org/codehaus/plexus/plexus-compilers/2.4/plexus-compilers-2.4.pom for anonymous/172.17.0.1.
2019-01-19 18:11:59,651 [ACCEPTED DOWNLOAD] libs-release:org/codehaus/plexus/plexus-compilers/2.4/plexus-compilers-2.4.pom.sha1 for anonymous/172.17.0.1.
2019-01-19 18:11:59,711 [ACCEPTED DEPLOY] jcenter-cache:org/codehaus/plexus/plexus-container-default/1.5.5/plexus-container-default-1.5.5.pom for anonymous/172.17.0.1.
2019-01-19 18:11:59,784 [ACCEPTED DEPLOY] jcenter-cache:org/codehaus/plexus/plexus-utils/1.4.5/plexus-utils-1.4.5.pom for anonymous/172.17.0.1.
2019-01-19 18:11:59,858 [ACCEPTED DEPLOY] jcenter-cache:org/codehaus/plexus/plexus-classworlds/2.2.2/plexus-classworlds-2.2.2.pom for anonymous/172.17.0.1.
2019-01-19 18:11:59,919 [ACCEPTED DEPLOY] jcenter-cache:org/apache/xbean/xbean-reflect/3.4/xbean-reflect-3.4.pom for anonymous/172.17.0.1.
2019-01-19 18:11:59,984 [ACCEPTED DEPLOY] jcenter-cache:org/apache/xbean/xbean/3.4/xbean-3.4.pom for anonymous/172.17.0.1.
2019-01-19 18:11:59,994 [ACCEPTED DEPLOY] libs-release:org/apache/xbean/xbean/3.4/xbean-3.4.pom for anonymous/172.17.0.1.
2019-01-19 18:12:00,053 [ACCEPTED DEPLOY] jcenter-cache:log4j/log4j/1.2.12/log4j-1.2.12.pom for anonymous/172.17.0.1.
2019-01-19 18:12:00,112 [ACCEPTED DEPLOY] jcenter-cache:commons-logging/commons-logging-api/1.1/commons-logging-api-1.1.pom for anonymous/172.17.0.1.
2019-01-19 18:12:00,177 [ACCEPTED DEPLOY] jcenter-cache:com/google/collections/google-collections/1.0/google-collections-1.0.pom for anonymous/172.17.0.1.
2019-01-19 18:12:00,229 [ACCEPTED DEPLOY] jcenter-cache:com/google/google/1/google-1.pom for anonymous/172.17.0.1.
2019-01-19 18:12:00,287 [ACCEPTED DEPLOY] jcenter-cache:junit/junit/3.8.2/junit-3.8.2.pom for anonymous/172.17.0.1.
2019-01-19 18:12:00,365 [ACCEPTED DEPLOY] jcenter-cache:org/apache/maven/maven-plugin-api/2.0.9/maven-plugin-api-2.0.9.jar for anonymous/172.17.0.1.
2019-01-19 18:12:00,386 [ACCEPTED DEPLOY] jcenter-cache:org/apache/maven/maven-plugin-parameter-documenter/2.0.9/maven-plugin-parameter-documenter-2.0.9.jar for anonymous/172.17.0.1.
2019-01-19 18:12:00,396 [ACCEPTED DEPLOY] jcenter-cache:org/apache/maven/maven-core/2.0.9/maven-core-2.0.9.jar for anonymous/172.17.0.1.
2019-01-19 18:12:00,399 [ACCEPTED DEPLOY] jcenter-cache:org/apache/maven/maven-artifact/2.0.9/maven-artifact-2.0.9.jar for anonymous/172.17.0.1.
2019-01-19 18:12:00,439 [ACCEPTED DEPLOY] jcenter-cache:org/apache/maven/maven-profile/2.0.9/maven-profile-2.0.9.jar for anonymous/172.17.0.1.
2019-01-19 18:12:00,449 [ACCEPTED DEPLOY] jcenter-cache:org/apache/maven/maven-settings/2.0.9/maven-settings-2.0.9.jar for anonymous/172.17.0.1.
2019-01-19 18:12:00,450 [ACCEPTED DEPLOY] jcenter-cache:org/apache/maven/maven-model/2.0.9/maven-model-2.0.9.jar for anonymous/172.17.0.1.
2019-01-19 18:12:00,454 [ACCEPTED DEPLOY] jcenter-cache:org/apache/maven/maven-repository-metadata/2.0.9/maven-repository-metadata-2.0.9.jar for anonymous/172.17.0.1.
2019-01-19 18:12:00,464 [ACCEPTED DEPLOY] jcenter-cache:org/apache/maven/maven-error-diagnostics/2.0.9/maven-error-diagnostics-2.0.9.jar for anonymous/172.17.0.1.
2019-01-19 18:12:00,509 [ACCEPTED DEPLOY] jcenter-cache:org/apache/maven/maven-project/2.0.9/maven-project-2.0.9.jar for anonymous/172.17.0.1.
2019-01-19 18:12:00,516 [ACCEPTED DEPLOY] jcenter-cache:org/apache/maven/maven-monitor/2.0.9/maven-monitor-2.0.9.jar for anonymous/172.17.0.1.
2019-01-19 18:12:00,516 [ACCEPTED DEPLOY] jcenter-cache:org/apache/maven/maven-plugin-registry/2.0.9/maven-plugin-registry-2.0.9.jar for anonymous/172.17.0.1.
2019-01-19 18:12:00,518 [ACCEPTED DEPLOY] jcenter-cache:org/apache/maven/maven-artifact-manager/2.0.9/maven-artifact-manager-2.0.9.jar for anonymous/172.17.0.1.
2019-01-19 18:12:00,528 [ACCEPTED DEPLOY] jcenter-cache:org/apache/maven/maven-plugin-descriptor/2.0.9/maven-plugin-descriptor-2.0.9.jar for anonymous/172.17.0.1.
2019-01-19 18:12:00,580 [ACCEPTED DEPLOY] jcenter-cache:org/apache/maven/maven-toolchain/1.0/maven-toolchain-1.0.jar for anonymous/172.17.0.1.
2019-01-19 18:12:00,581 [ACCEPTED DEPLOY] jcenter-cache:org/codehaus/plexus/plexus-component-annotations/1.5.5/plexus-component-annotations-1.5.5.jar for anonymous/172.17.0.1.
2019-01-19 18:12:00,582 [ACCEPTED DEPLOY] jcenter-cache:org/apache/maven/shared/maven-shared-incremental/1.1/maven-shared-incremental-1.1.jar for anonymous/172.17.0.1.
2019-01-19 18:12:00,589 [ACCEPTED DEPLOY] jcenter-cache:org/codehaus/plexus/plexus-compiler-api/2.4/plexus-compiler-api-2.4.jar for anonymous/172.17.0.1.
2019-01-19 18:12:00,592 [ACCEPTED DEPLOY] jcenter-cache:org/apache/maven/shared/maven-shared-utils/0.1/maven-shared-utils-0.1.jar for anonymous/172.17.0.1.
2019-01-19 18:12:00,594 [ACCEPTED DOWNLOAD] jcenter:org/codehaus/plexus/plexus-compiler-api/2.4/plexus-compiler-api-2.4.jar for anonymous/172.17.0.1.
2019-01-19 18:12:00,600 [ACCEPTED DOWNLOAD] libs-release:org/codehaus/plexus/plexus-compiler-api/2.4/plexus-compiler-api-2.4.jar.sha1 for anonymous/172.17.0.1.
2019-01-19 18:12:00,636 [ACCEPTED DEPLOY] jcenter-cache:org/codehaus/plexus/plexus-compiler-manager/2.4/plexus-compiler-manager-2.4.jar for anonymous/172.17.0.1.
2019-01-19 18:12:00,638 [ACCEPTED DEPLOY] jcenter-cache:org/codehaus/plexus/plexus-compiler-javac/2.4/plexus-compiler-javac-2.4.jar for anonymous/172.17.0.1.
2019-01-19 18:12:00,639 [ACCEPTED DOWNLOAD] jcenter:org/codehaus/plexus/plexus-compiler-manager/2.4/plexus-compiler-manager-2.4.jar for anonymous/172.17.0.1.
2019-01-19 18:12:00,642 [ACCEPTED DOWNLOAD] jcenter:org/codehaus/plexus/plexus-compiler-javac/2.4/plexus-compiler-javac-2.4.jar for anonymous/172.17.0.1.
2019-01-19 18:12:00,647 [ACCEPTED DOWNLOAD] libs-release:org/codehaus/plexus/plexus-compiler-manager/2.4/plexus-compiler-manager-2.4.jar.sha1 for anonymous/172.17.0.1.
2019-01-19 18:12:00,652 [ACCEPTED DOWNLOAD] libs-release:org/codehaus/plexus/plexus-compiler-javac/2.4/plexus-compiler-javac-2.4.jar.sha1 for anonymous/172.17.0.1.
2019-01-19 18:12:00,661 [ACCEPTED DEPLOY] jcenter-cache:org/codehaus/plexus/plexus-classworlds/2.2.2/plexus-classworlds-2.2.2.jar for anonymous/172.17.0.1.
2019-01-19 18:12:00,681 [ACCEPTED DEPLOY] jcenter-cache:org/apache/xbean/xbean-reflect/3.4/xbean-reflect-3.4.jar for anonymous/172.17.0.1.
2019-01-19 18:12:00,711 [ACCEPTED DEPLOY] jcenter-cache:commons-logging/commons-logging-api/1.1/commons-logging-api-1.1.jar for anonymous/172.17.0.1.
2019-01-19 18:12:00,747 [ACCEPTED DEPLOY] jcenter-cache:junit/junit/3.8.2/junit-3.8.2.jar for anonymous/172.17.0.1.
2019-01-19 18:12:02,323 [ACCEPTED DEPLOY] jcenter-cache:org/codehaus/plexus/plexus-container-default/1.5.5/plexus-container-default-1.5.5.jar for anonymous/172.17.0.1.
2019-01-19 18:12:02,753 [ACCEPTED DEPLOY] jcenter-cache:log4j/log4j/1.2.12/log4j-1.2.12.jar for anonymous/172.17.0.1.
2019-01-19 18:12:03,230 [ACCEPTED DEPLOY] jcenter-cache:com/google/collections/google-collections/1.0/google-collections-1.0.jar for anonymous/172.17.0.1.
2019-01-19 18:12:04,294 [ACCEPTED DEPLOY] jcenter-cache:org/apache/maven/surefire/maven-surefire-common/2.17/maven-surefire-common-2.17.pom for anonymous/172.17.0.1.
2019-01-19 18:12:04,299 [ACCEPTED DOWNLOAD] jcenter:org/apache/maven/surefire/maven-surefire-common/2.17/maven-surefire-common-2.17.pom for anonymous/172.17.0.1.
2019-01-19 18:12:04,304 [ACCEPTED DOWNLOAD] libs-release:org/apache/maven/surefire/maven-surefire-common/2.17/maven-surefire-common-2.17.pom.sha1 for anonymous/172.17.0.1.
2019-01-19 18:12:04,367 [ACCEPTED DEPLOY] jcenter-cache:org/apache/maven/plugin-tools/maven-plugin-annotations/3.2/maven-plugin-annotations-3.2.pom for anonymous/172.17.0.1.
2019-01-19 18:12:04,374 [ACCEPTED DOWNLOAD] jcenter:org/apache/maven/plugin-tools/maven-plugin-annotations/3.2/maven-plugin-annotations-3.2.pom for anonymous/172.17.0.1.
2019-01-19 18:12:04,378 [ACCEPTED DOWNLOAD] libs-release:org/apache/maven/plugin-tools/maven-plugin-annotations/3.2/maven-plugin-annotations-3.2.pom.sha1 for anonymous/172.17.0.1.
2019-01-19 18:12:04,436 [ACCEPTED DEPLOY] jcenter-cache:org/apache/maven/plugin-tools/maven-plugin-tools/3.2/maven-plugin-tools-3.2.pom for anonymous/172.17.0.1.
2019-01-19 18:12:04,441 [ACCEPTED DOWNLOAD] jcenter:org/apache/maven/plugin-tools/maven-plugin-tools/3.2/maven-plugin-tools-3.2.pom for anonymous/172.17.0.1.
2019-01-19 18:12:04,446 [ACCEPTED DOWNLOAD] libs-release:org/apache/maven/plugin-tools/maven-plugin-tools/3.2/maven-plugin-tools-3.2.pom.sha1 for anonymous/172.17.0.1.
2019-01-19 18:12:04,507 [ACCEPTED DEPLOY] jcenter-cache:org/apache/maven/surefire/surefire-api/2.17/surefire-api-2.17.pom for anonymous/172.17.0.1.
2019-01-19 18:12:04,511 [ACCEPTED DOWNLOAD] jcenter:org/apache/maven/surefire/surefire-api/2.17/surefire-api-2.17.pom for anonymous/172.17.0.1.
2019-01-19 18:12:04,516 [ACCEPTED DOWNLOAD] libs-release:org/apache/maven/surefire/surefire-api/2.17/surefire-api-2.17.pom.sha1 for anonymous/172.17.0.1.
2019-01-19 18:12:04,577 [ACCEPTED DEPLOY] jcenter-cache:org/apache/maven/surefire/surefire-booter/2.17/surefire-booter-2.17.pom for anonymous/172.17.0.1.
2019-01-19 18:12:04,581 [ACCEPTED DOWNLOAD] jcenter:org/apache/maven/surefire/surefire-booter/2.17/surefire-booter-2.17.pom for anonymous/172.17.0.1.
2019-01-19 18:12:04,585 [ACCEPTED DOWNLOAD] libs-release:org/apache/maven/surefire/surefire-booter/2.17/surefire-booter-2.17.pom.sha1 for anonymous/172.17.0.1.
2019-01-19 18:12:04,656 [ACCEPTED DEPLOY] jcenter-cache:org/apache/maven/reporting/maven-reporting-api/2.0.9/maven-reporting-api-2.0.9.pom for anonymous/172.17.0.1.
2019-01-19 18:12:04,662 [ACCEPTED DOWNLOAD] jcenter:org/apache/maven/reporting/maven-reporting-api/2.0.9/maven-reporting-api-2.0.9.pom for anonymous/172.17.0.1.
2019-01-19 18:12:04,667 [ACCEPTED DOWNLOAD] libs-release:org/apache/maven/reporting/maven-reporting-api/2.0.9/maven-reporting-api-2.0.9.pom.sha1 for anonymous/172.17.0.1.
2019-01-19 18:12:04,725 [ACCEPTED DEPLOY] jcenter-cache:org/apache/maven/reporting/maven-reporting/2.0.9/maven-reporting-2.0.9.pom for anonymous/172.17.0.1.
2019-01-19 18:12:04,730 [ACCEPTED DOWNLOAD] jcenter:org/apache/maven/reporting/maven-reporting/2.0.9/maven-reporting-2.0.9.pom for anonymous/172.17.0.1.
2019-01-19 18:12:04,734 [ACCEPTED DOWNLOAD] libs-release:org/apache/maven/reporting/maven-reporting/2.0.9/maven-reporting-2.0.9.pom.sha1 for anonymous/172.17.0.1.
2019-01-19 18:12:04,801 [ACCEPTED DEPLOY] jcenter-cache:org/apache/maven/maven-toolchain/2.0.9/maven-toolchain-2.0.9.pom for anonymous/172.17.0.1.
2019-01-19 18:12:04,807 [ACCEPTED DOWNLOAD] jcenter:org/apache/maven/maven-toolchain/2.0.9/maven-toolchain-2.0.9.pom for anonymous/172.17.0.1.
2019-01-19 18:12:04,811 [ACCEPTED DOWNLOAD] libs-release:org/apache/maven/maven-toolchain/2.0.9/maven-toolchain-2.0.9.pom.sha1 for anonymous/172.17.0.1.
2019-01-19 18:12:04,874 [ACCEPTED DEPLOY] jcenter-cache:org/apache/commons/commons-lang3/3.1/commons-lang3-3.1.pom for anonymous/172.17.0.1.
2019-01-19 18:12:04,986 [ACCEPTED DEPLOY] jcenter-cache:org/apache/maven/reporting/maven-reporting-api/2.0.9/maven-reporting-api-2.0.9.jar for anonymous/172.17.0.1.
2019-01-19 18:12:04,990 [ACCEPTED DOWNLOAD] jcenter:org/apache/maven/reporting/maven-reporting-api/2.0.9/maven-reporting-api-2.0.9.jar for anonymous/172.17.0.1.
2019-01-19 18:12:04,993 [ACCEPTED DEPLOY] jcenter-cache:org/apache/maven/surefire/surefire-booter/2.17/surefire-booter-2.17.jar for anonymous/172.17.0.1.
2019-01-19 18:12:04,998 [ACCEPTED DOWNLOAD] jcenter:org/apache/maven/surefire/surefire-booter/2.17/surefire-booter-2.17.jar for anonymous/172.17.0.1.
2019-01-19 18:12:05,003 [ACCEPTED DOWNLOAD] libs-release:org/apache/maven/reporting/maven-reporting-api/2.0.9/maven-reporting-api-2.0.9.jar.sha1 for anonymous/172.17.0.1.
2019-01-19 18:12:05,006 [ACCEPTED DOWNLOAD] libs-release:org/apache/maven/surefire/surefire-booter/2.17/surefire-booter-2.17.jar.sha1 for anonymous/172.17.0.1.
2019-01-19 18:12:05,009 [ACCEPTED DEPLOY] jcenter-cache:org/apache/maven/surefire/surefire-api/2.17/surefire-api-2.17.jar for anonymous/172.17.0.1.
2019-01-19 18:12:05,016 [ACCEPTED DOWNLOAD] jcenter:org/apache/maven/surefire/surefire-api/2.17/surefire-api-2.17.jar for anonymous/172.17.0.1.
2019-01-19 18:12:05,025 [ACCEPTED DOWNLOAD] libs-release:org/apache/maven/surefire/surefire-api/2.17/surefire-api-2.17.jar.sha1 for anonymous/172.17.0.1.
2019-01-19 18:12:05,062 [ACCEPTED DEPLOY] jcenter-cache:org/apache/maven/plugin-tools/maven-plugin-annotations/3.2/maven-plugin-annotations-3.2.jar for anonymous/172.17.0.1.
2019-01-19 18:12:05,064 [ACCEPTED DEPLOY] jcenter-cache:org/apache/maven/maven-toolchain/2.0.9/maven-toolchain-2.0.9.jar for anonymous/172.17.0.1.
2019-01-19 18:12:05,065 [ACCEPTED DOWNLOAD] jcenter:org/apache/maven/plugin-tools/maven-plugin-annotations/3.2/maven-plugin-annotations-3.2.jar for anonymous/172.17.0.1.
2019-01-19 18:12:05,066 [ACCEPTED DOWNLOAD] jcenter:org/apache/maven/maven-toolchain/2.0.9/maven-toolchain-2.0.9.jar for anonymous/172.17.0.1.
2019-01-19 18:12:05,075 [ACCEPTED DOWNLOAD] libs-release:org/apache/maven/plugin-tools/maven-plugin-annotations/3.2/maven-plugin-annotations-3.2.jar.sha1 for anonymous/172.17.0.1.
2019-01-19 18:12:05,076 [ACCEPTED DOWNLOAD] libs-release:org/apache/maven/maven-toolchain/2.0.9/maven-toolchain-2.0.9.jar.sha1 for anonymous/172.17.0.1.
2019-01-19 18:12:05,268 [ACCEPTED DEPLOY] jcenter-cache:org/apache/commons/commons-lang3/3.1/commons-lang3-3.1.jar for anonymous/172.17.0.1.
2019-01-19 18:12:06,656 [ACCEPTED DEPLOY] jcenter-cache:org/apache/maven/surefire/maven-surefire-common/2.17/maven-surefire-common-2.17.jar for anonymous/172.17.0.1.
2019-01-19 18:12:06,659 [ACCEPTED DOWNLOAD] jcenter:org/apache/maven/surefire/maven-surefire-common/2.17/maven-surefire-common-2.17.jar for anonymous/172.17.0.1.
2019-01-19 18:12:06,670 [ACCEPTED DOWNLOAD] libs-release:org/apache/maven/surefire/maven-surefire-common/2.17/maven-surefire-common-2.17.jar.sha1 for anonymous/172.17.0.1.
2019-01-19 18:12:07,399 [ACCEPTED DEPLOY] jcenter-cache:org/apache/maven/surefire/surefire-testng/2.17/surefire-testng-2.17.pom for anonymous/172.17.0.1.
2019-01-19 18:12:07,402 [ACCEPTED DOWNLOAD] jcenter:org/apache/maven/surefire/surefire-testng/2.17/surefire-testng-2.17.pom for anonymous/172.17.0.1.
2019-01-19 18:12:07,406 [ACCEPTED DOWNLOAD] libs-release:org/apache/maven/surefire/surefire-testng/2.17/surefire-testng-2.17.pom.sha1 for anonymous/172.17.0.1.
2019-01-19 18:12:07,469 [ACCEPTED DEPLOY] jcenter-cache:org/apache/maven/surefire/surefire-providers/2.17/surefire-providers-2.17.pom for anonymous/172.17.0.1.
2019-01-19 18:12:07,478 [ACCEPTED DOWNLOAD] jcenter:org/apache/maven/surefire/surefire-providers/2.17/surefire-providers-2.17.pom for anonymous/172.17.0.1.
2019-01-19 18:12:07,482 [ACCEPTED DOWNLOAD] libs-release:org/apache/maven/surefire/surefire-providers/2.17/surefire-providers-2.17.pom.sha1 for anonymous/172.17.0.1.
2019-01-19 18:12:08,058 [ACCEPTED DEPLOY] jcenter-cache:org/apache/maven/surefire/common-java5/2.17/common-java5-2.17.pom for anonymous/172.17.0.1.
2019-01-19 18:12:08,064 [ACCEPTED DOWNLOAD] jcenter:org/apache/maven/surefire/common-java5/2.17/common-java5-2.17.pom for anonymous/172.17.0.1.
2019-01-19 18:12:08,071 [ACCEPTED DOWNLOAD] libs-release:org/apache/maven/surefire/common-java5/2.17/common-java5-2.17.pom.sha1 for anonymous/172.17.0.1.
2019-01-19 18:12:08,166 [ACCEPTED DEPLOY] jcenter-cache:org/testng/testng/5.7/testng-5.7.pom for anonymous/172.17.0.1.
2019-01-19 18:12:08,169 [ACCEPTED DOWNLOAD] jcenter:org/testng/testng/5.7/testng-5.7.pom for anonymous/172.17.0.1.
2019-01-19 18:12:08,174 [ACCEPTED DOWNLOAD] libs-release:org/testng/testng/5.7/testng-5.7.pom.sha1 for anonymous/172.17.0.1.
2019-01-19 18:12:08,240 [ACCEPTED DEPLOY] jcenter-cache:org/apache/maven/surefire/common-java5/2.17/common-java5-2.17.jar for anonymous/172.17.0.1.
2019-01-19 18:12:08,244 [ACCEPTED DOWNLOAD] jcenter:org/apache/maven/surefire/common-java5/2.17/common-java5-2.17.jar for anonymous/172.17.0.1.
2019-01-19 18:12:08,250 [ACCEPTED DOWNLOAD] libs-release:org/apache/maven/surefire/common-java5/2.17/common-java5-2.17.jar.sha1 for anonymous/172.17.0.1.
2019-01-19 18:12:08,825 [ACCEPTED DEPLOY] jcenter-cache:org/apache/maven/surefire/surefire-testng/2.17/surefire-testng-2.17.jar for anonymous/172.17.0.1.
2019-01-19 18:12:08,829 [ACCEPTED DOWNLOAD] jcenter:org/apache/maven/surefire/surefire-testng/2.17/surefire-testng-2.17.jar for anonymous/172.17.0.1.
2019-01-19 18:12:08,834 [ACCEPTED DOWNLOAD] libs-release:org/apache/maven/surefire/surefire-testng/2.17/surefire-testng-2.17.jar.sha1 for anonymous/172.17.0.1.
2019-01-19 18:12:10,256 [ACCEPTED DEPLOY] jcenter-cache:org/apache/maven/surefire/surefire-testng-utils/2.17/surefire-testng-utils-2.17.jar for anonymous/172.17.0.1.
2019-01-19 18:12:10,258 [ACCEPTED DOWNLOAD] jcenter:org/apache/maven/surefire/surefire-testng-utils/2.17/surefire-testng-utils-2.17.jar for anonymous/172.17.0.1.
2019-01-19 18:12:10,264 [ACCEPTED DOWNLOAD] libs-release:org/apache/maven/surefire/surefire-testng-utils/2.17/surefire-testng-utils-2.17.jar.sha1 for anonymous/172.17.0.1.
2019-01-19 18:12:10,329 [ACCEPTED DEPLOY] jcenter-cache:org/apache/maven/surefire/surefire-grouper/2.17/surefire-grouper-2.17.jar for anonymous/172.17.0.1.
2019-01-19 18:12:10,331 [ACCEPTED DOWNLOAD] jcenter:org/apache/maven/surefire/surefire-grouper/2.17/surefire-grouper-2.17.jar for anonymous/172.17.0.1.
2019-01-19 18:12:10,337 [ACCEPTED DOWNLOAD] libs-release:org/apache/maven/surefire/surefire-grouper/2.17/surefire-grouper-2.17.jar.sha1 for anonymous/172.17.0.1.
2019-01-19 18:37:07,604 [ACCEPTED DEPLOY] jcenter-cache:org/apache/maven/maven-archiver/2.5/maven-archiver-2.5.pom for anonymous/172.17.0.1.
2019-01-19 18:37:07,609 [ACCEPTED DOWNLOAD] jcenter:org/apache/maven/maven-archiver/2.5/maven-archiver-2.5.pom for anonymous/172.17.0.1.
2019-01-19 18:37:07,631 [ACCEPTED DOWNLOAD] libs-release:org/apache/maven/maven-archiver/2.5/maven-archiver-2.5.pom.sha1 for anonymous/172.17.0.1.
2019-01-19 18:37:07,698 [ACCEPTED DEPLOY] jcenter-cache:org/codehaus/plexus/plexus-archiver/2.1/plexus-archiver-2.1.pom for anonymous/172.17.0.1.
2019-01-19 18:37:07,702 [ACCEPTED DOWNLOAD] jcenter:org/codehaus/plexus/plexus-archiver/2.1/plexus-archiver-2.1.pom for anonymous/172.17.0.1.
2019-01-19 18:37:07,708 [ACCEPTED DOWNLOAD] libs-release:org/codehaus/plexus/plexus-archiver/2.1/plexus-archiver-2.1.pom.sha1 for anonymous/172.17.0.1.
2019-01-19 18:37:07,771 [ACCEPTED DEPLOY] jcenter-cache:org/codehaus/plexus/plexus-utils/3.0/plexus-utils-3.0.pom for anonymous/172.17.0.1.
2019-01-19 18:37:07,775 [ACCEPTED DOWNLOAD] jcenter:org/codehaus/plexus/plexus-utils/3.0/plexus-utils-3.0.pom for anonymous/172.17.0.1.
2019-01-19 18:37:07,781 [ACCEPTED DOWNLOAD] libs-release:org/codehaus/plexus/plexus-utils/3.0/plexus-utils-3.0.pom.sha1 for anonymous/172.17.0.1.
2019-01-19 18:37:07,846 [ACCEPTED DEPLOY] jcenter-cache:org/sonatype/spice/spice-parent/16/spice-parent-16.pom for anonymous/172.17.0.1.
2019-01-19 18:37:08,001 [ACCEPTED DEPLOY] jcenter-cache:org/sonatype/forge/forge-parent/5/forge-parent-5.pom for anonymous/172.17.0.1.
2019-01-19 18:37:08,071 [ACCEPTED DEPLOY] jcenter-cache:org/codehaus/plexus/plexus-io/2.0.2/plexus-io-2.0.2.pom for anonymous/172.17.0.1.
2019-01-19 18:37:08,075 [ACCEPTED DOWNLOAD] jcenter:org/codehaus/plexus/plexus-io/2.0.2/plexus-io-2.0.2.pom for anonymous/172.17.0.1.
2019-01-19 18:37:08,080 [ACCEPTED DOWNLOAD] libs-release:org/codehaus/plexus/plexus-io/2.0.2/plexus-io-2.0.2.pom.sha1 for anonymous/172.17.0.1.
2019-01-19 18:37:08,138 [ACCEPTED DEPLOY] jcenter-cache:org/codehaus/plexus/plexus-components/1.1.19/plexus-components-1.1.19.pom for anonymous/172.17.0.1.
2019-01-19 18:37:08,142 [ACCEPTED DOWNLOAD] jcenter:org/codehaus/plexus/plexus-components/1.1.19/plexus-components-1.1.19.pom for anonymous/172.17.0.1.
2019-01-19 18:37:08,147 [ACCEPTED DOWNLOAD] libs-release:org/codehaus/plexus/plexus-components/1.1.19/plexus-components-1.1.19.pom.sha1 for anonymous/172.17.0.1.
2019-01-19 18:37:08,215 [ACCEPTED DEPLOY] jcenter-cache:org/codehaus/plexus/plexus/3.0.1/plexus-3.0.1.pom for anonymous/172.17.0.1.
2019-01-19 18:37:08,277 [ACCEPTED DEPLOY] jcenter-cache:org/codehaus/plexus/plexus-interpolation/1.15/plexus-interpolation-1.15.pom for anonymous/172.17.0.1.
2019-01-19 18:37:08,819 [ACCEPTED DEPLOY] jcenter-cache:commons-lang/commons-lang/2.1/commons-lang-2.1.pom for anonymous/172.17.0.1.
2019-01-19 18:37:08,823 [ACCEPTED DOWNLOAD] jcenter:commons-lang/commons-lang/2.1/commons-lang-2.1.pom for anonymous/172.17.0.1.
2019-01-19 18:37:08,829 [ACCEPTED DOWNLOAD] libs-release:commons-lang/commons-lang/2.1/commons-lang-2.1.pom.sha1 for anonymous/172.17.0.1.
2019-01-19 18:37:08,914 [ACCEPTED DEPLOY] jcenter-cache:org/apache/maven/maven-archiver/2.5/maven-archiver-2.5.jar for anonymous/172.17.0.1.
2019-01-19 18:37:08,916 [ACCEPTED DOWNLOAD] jcenter:org/apache/maven/maven-archiver/2.5/maven-archiver-2.5.jar for anonymous/172.17.0.1.
2019-01-19 18:37:08,923 [ACCEPTED DOWNLOAD] libs-release:org/apache/maven/maven-archiver/2.5/maven-archiver-2.5.jar.sha1 for anonymous/172.17.0.1.
2019-01-19 18:37:09,010 [ACCEPTED DEPLOY] jcenter-cache:org/codehaus/plexus/plexus-interpolation/1.15/plexus-interpolation-1.15.jar for anonymous/172.17.0.1.
2019-01-19 18:37:09,012 [ACCEPTED DEPLOY] jcenter-cache:org/codehaus/plexus/plexus-io/2.0.2/plexus-io-2.0.2.jar for anonymous/172.17.0.1.
2019-01-19 18:37:09,014 [ACCEPTED DOWNLOAD] jcenter:org/codehaus/plexus/plexus-interpolation/1.15/plexus-interpolation-1.15.jar for anonymous/172.17.0.1.
2019-01-19 18:37:09,017 [ACCEPTED DOWNLOAD] jcenter:org/codehaus/plexus/plexus-io/2.0.2/plexus-io-2.0.2.jar for anonymous/172.17.0.1.
2019-01-19 18:37:09,023 [ACCEPTED DOWNLOAD] libs-release:org/codehaus/plexus/plexus-interpolation/1.15/plexus-interpolation-1.15.jar.sha1 for anonymous/172.17.0.1.
2019-01-19 18:37:09,029 [ACCEPTED DOWNLOAD] libs-release:org/codehaus/plexus/plexus-io/2.0.2/plexus-io-2.0.2.jar.sha1 for anonymous/172.17.0.1.
2019-01-19 18:37:09,033 [ACCEPTED DEPLOY] jcenter-cache:org/codehaus/plexus/plexus-archiver/2.1/plexus-archiver-2.1.jar for anonymous/172.17.0.1.
2019-01-19 18:37:09,036 [ACCEPTED DOWNLOAD] jcenter:org/codehaus/plexus/plexus-archiver/2.1/plexus-archiver-2.1.jar for anonymous/172.17.0.1.
2019-01-19 18:37:09,048 [ACCEPTED DOWNLOAD] libs-release:org/codehaus/plexus/plexus-archiver/2.1/plexus-archiver-2.1.jar.sha1 for anonymous/172.17.0.1.
2019-01-19 18:37:10,748 [ACCEPTED DEPLOY] jcenter-cache:commons-lang/commons-lang/2.1/commons-lang-2.1.jar for anonymous/172.17.0.1.
2019-01-19 18:37:10,752 [ACCEPTED DOWNLOAD] jcenter:commons-lang/commons-lang/2.1/commons-lang-2.1.jar for anonymous/172.17.0.1.
2019-01-19 18:37:10,762 [ACCEPTED DOWNLOAD] libs-release:commons-lang/commons-lang/2.1/commons-lang-2.1.jar.sha1 for anonymous/172.17.0.1.
2019-01-19 18:37:11,470 [ACCEPTED DEPLOY] jcenter-cache:org/codehaus/plexus/plexus-utils/3.0/plexus-utils-3.0.jar for anonymous/172.17.0.1.
2019-01-19 18:37:11,473 [ACCEPTED DOWNLOAD] jcenter:org/codehaus/plexus/plexus-utils/3.0/plexus-utils-3.0.jar for anonymous/172.17.0.1.
2019-01-19 18:37:11,487 [ACCEPTED DOWNLOAD] libs-release:org/codehaus/plexus/plexus-utils/3.0/plexus-utils-3.0.jar.sha1 for anonymous/172.17.0.1.
2019-01-19 18:37:11,767 [ACCEPTED DEPLOY] jcenter-cache:org/apache/maven/maven-archiver/2.4.1/maven-archiver-2.4.1.pom for anonymous/172.17.0.1.
2019-01-19 18:37:11,772 [ACCEPTED DOWNLOAD] jcenter:org/apache/maven/maven-archiver/2.4.1/maven-archiver-2.4.1.pom for anonymous/172.17.0.1.
2019-01-19 18:37:11,777 [ACCEPTED DOWNLOAD] libs-release:org/apache/maven/maven-archiver/2.4.1/maven-archiver-2.4.1.pom.sha1 for anonymous/172.17.0.1.
2019-01-19 18:37:11,836 [ACCEPTED DEPLOY] jcenter-cache:org/apache/maven/shared/maven-shared-components/15/maven-shared-components-15.pom for anonymous/172.17.0.1.
2019-01-19 18:37:11,910 [ACCEPTED DEPLOY] jcenter-cache:org/codehaus/plexus/plexus-archiver/1.0/plexus-archiver-1.0.pom for anonymous/172.17.0.1.
2019-01-19 18:37:11,916 [ACCEPTED DOWNLOAD] jcenter:org/codehaus/plexus/plexus-archiver/1.0/plexus-archiver-1.0.pom for anonymous/172.17.0.1.
2019-01-19 18:37:11,931 [ACCEPTED DOWNLOAD] libs-release:org/codehaus/plexus/plexus-archiver/1.0/plexus-archiver-1.0.pom.sha1 for anonymous/172.17.0.1.
2019-01-19 18:37:11,993 [ACCEPTED DEPLOY] jcenter-cache:org/codehaus/plexus/plexus-components/1.1.17/plexus-components-1.1.17.pom for anonymous/172.17.0.1.
2019-01-19 18:37:12,000 [ACCEPTED DOWNLOAD] jcenter:org/codehaus/plexus/plexus-components/1.1.17/plexus-components-1.1.17.pom for anonymous/172.17.0.1.
2019-01-19 18:37:12,014 [ACCEPTED DOWNLOAD] libs-release:org/codehaus/plexus/plexus-components/1.1.17/plexus-components-1.1.17.pom.sha1 for anonymous/172.17.0.1.
2019-01-19 18:37:12,078 [ACCEPTED DEPLOY] jcenter-cache:org/codehaus/plexus/plexus/2.0.5/plexus-2.0.5.pom for anonymous/172.17.0.1.
2019-01-19 18:37:12,145 [ACCEPTED DEPLOY] jcenter-cache:org/codehaus/plexus/plexus-io/1.0/plexus-io-1.0.pom for anonymous/172.17.0.1.
2019-01-19 18:37:12,149 [ACCEPTED DOWNLOAD] jcenter:org/codehaus/plexus/plexus-io/1.0/plexus-io-1.0.pom for anonymous/172.17.0.1.
2019-01-19 18:37:12,157 [ACCEPTED DOWNLOAD] libs-release:org/codehaus/plexus/plexus-io/1.0/plexus-io-1.0.pom.sha1 for anonymous/172.17.0.1.
2019-01-19 18:37:12,239 [ACCEPTED DEPLOY] jcenter-cache:org/apache/maven/maven-archiver/2.4.1/maven-archiver-2.4.1.jar for anonymous/172.17.0.1.
2019-01-19 18:37:12,253 [ACCEPTED DOWNLOAD] jcenter:org/apache/maven/maven-archiver/2.4.1/maven-archiver-2.4.1.jar for anonymous/172.17.0.1.
2019-01-19 18:37:12,268 [ACCEPTED DEPLOY] jcenter-cache:org/codehaus/plexus/plexus-io/1.0/plexus-io-1.0.jar for anonymous/172.17.0.1.
2019-01-19 18:37:12,273 [ACCEPTED DOWNLOAD] libs-release:org/apache/maven/maven-archiver/2.4.1/maven-archiver-2.4.1.jar.sha1 for anonymous/172.17.0.1.
2019-01-19 18:37:12,278 [ACCEPTED DOWNLOAD] jcenter:org/codehaus/plexus/plexus-io/1.0/plexus-io-1.0.jar for anonymous/172.17.0.1.
2019-01-19 18:37:12,288 [ACCEPTED DEPLOY] jcenter-cache:org/codehaus/plexus/plexus-archiver/1.0/plexus-archiver-1.0.jar for anonymous/172.17.0.1.
2019-01-19 18:37:12,291 [ACCEPTED DOWNLOAD] jcenter:org/codehaus/plexus/plexus-archiver/1.0/plexus-archiver-1.0.jar for anonymous/172.17.0.1.
2019-01-19 18:37:12,303 [ACCEPTED DOWNLOAD] libs-release:org/codehaus/plexus/plexus-io/1.0/plexus-io-1.0.jar.sha1 for anonymous/172.17.0.1.
2019-01-19 18:37:12,313 [ACCEPTED DOWNLOAD] libs-release:org/codehaus/plexus/plexus-archiver/1.0/plexus-archiver-1.0.jar.sha1 for anonymous/172.17.0.1.
2019-01-19 18:37:14,636 [ACCEPTED DEPLOY] jcenter-cache:org/apache/maven/surefire/surefire-junit3/2.17/surefire-junit3-2.17.pom for anonymous/172.17.0.1.
2019-01-19 18:37:14,642 [ACCEPTED DOWNLOAD] jcenter:org/apache/maven/surefire/surefire-junit3/2.17/surefire-junit3-2.17.pom for anonymous/172.17.0.1.
2019-01-19 18:37:14,655 [ACCEPTED DOWNLOAD] libs-release:org/apache/maven/surefire/surefire-junit3/2.17/surefire-junit3-2.17.pom.sha1 for anonymous/172.17.0.1.
2019-01-19 18:37:16,059 [ACCEPTED DEPLOY] jcenter-cache:org/apache/maven/surefire/surefire-junit3/2.17/surefire-junit3-2.17.jar for anonymous/172.17.0.1.
2019-01-19 18:37:16,062 [ACCEPTED DOWNLOAD] jcenter:org/apache/maven/surefire/surefire-junit3/2.17/surefire-junit3-2.17.jar for anonymous/172.17.0.1.
2019-01-19 18:37:16,071 [ACCEPTED DOWNLOAD] libs-release:org/apache/maven/surefire/surefire-junit3/2.17/surefire-junit3-2.17.jar.sha1 for anonymous/172.17.0.1.
2019-01-19 18:37:17,051 [ACCEPTED DEPLOY] jcenter-cache:org/apache/maven/plugins/maven-war-plugin/2.4/maven-war-plugin-2.4.pom for anonymous/172.17.0.1.
2019-01-19 18:37:17,064 [ACCEPTED DOWNLOAD] jcenter:org/apache/maven/plugins/maven-war-plugin/2.4/maven-war-plugin-2.4.pom for anonymous/172.17.0.1.
2019-01-19 18:37:17,070 [ACCEPTED DOWNLOAD] libs-release:org/apache/maven/plugins/maven-war-plugin/2.4/maven-war-plugin-2.4.pom.sha1 for anonymous/172.17.0.1.
2019-01-19 18:37:17,131 [ACCEPTED DEPLOY] jcenter-cache:org/apache/maven/plugins/maven-plugins/24/maven-plugins-24.pom for anonymous/172.17.0.1.
2019-01-19 18:37:17,141 [ACCEPTED DEPLOY] libs-release:org/apache/maven/plugins/maven-plugins/24/maven-plugins-24.pom for anonymous/172.17.0.1.
2019-01-19 18:37:17,214 [ACCEPTED DEPLOY] jcenter-cache:org/apache/maven/plugins/maven-war-plugin/2.4/maven-war-plugin-2.4.jar for anonymous/172.17.0.1.
2019-01-19 18:37:17,221 [ACCEPTED DOWNLOAD] jcenter:org/apache/maven/plugins/maven-war-plugin/2.4/maven-war-plugin-2.4.jar for anonymous/172.17.0.1.
2019-01-19 18:37:17,230 [ACCEPTED DOWNLOAD] libs-release:org/apache/maven/plugins/maven-war-plugin/2.4/maven-war-plugin-2.4.jar.sha1 for anonymous/172.17.0.1.
2019-01-19 18:37:17,304 [ACCEPTED DEPLOY] jcenter-cache:hsqldb/hsqldb/1.8.0.10/hsqldb-1.8.0.10.pom for anonymous/172.17.0.1.
2019-01-19 18:37:17,311 [ACCEPTED DOWNLOAD] jcenter:hsqldb/hsqldb/1.8.0.10/hsqldb-1.8.0.10.pom for anonymous/172.17.0.1.
2019-01-19 18:37:17,318 [ACCEPTED DOWNLOAD] libs-release:hsqldb/hsqldb/1.8.0.10/hsqldb-1.8.0.10.pom.sha1 for anonymous/172.17.0.1.
2019-01-19 18:37:17,378 [ACCEPTED DEPLOY] jcenter-cache:javax/servlet/servlet-api/2.5/servlet-api-2.5.pom for anonymous/172.17.0.1.
2019-01-19 18:37:17,383 [ACCEPTED DOWNLOAD] jcenter:javax/servlet/servlet-api/2.5/servlet-api-2.5.pom for anonymous/172.17.0.1.
2019-01-19 18:37:17,388 [ACCEPTED DOWNLOAD] libs-release:javax/servlet/servlet-api/2.5/servlet-api-2.5.pom.sha1 for anonymous/172.17.0.1.
2019-01-19 18:37:17,465 [ACCEPTED DEPLOY] jcenter-cache:javax/servlet/servlet-api/2.5/servlet-api-2.5.jar for anonymous/172.17.0.1.
2019-01-19 18:37:17,468 [ACCEPTED DOWNLOAD] jcenter:javax/servlet/servlet-api/2.5/servlet-api-2.5.jar for anonymous/172.17.0.1.
2019-01-19 18:37:17,475 [ACCEPTED DOWNLOAD] libs-release:javax/servlet/servlet-api/2.5/servlet-api-2.5.jar.sha1 for anonymous/172.17.0.1.
2019-01-19 18:37:19,648 [ACCEPTED DEPLOY] jcenter-cache:hsqldb/hsqldb/1.8.0.10/hsqldb-1.8.0.10.jar for anonymous/172.17.0.1.
2019-01-19 18:37:19,651 [ACCEPTED DOWNLOAD] jcenter:hsqldb/hsqldb/1.8.0.10/hsqldb-1.8.0.10.jar for anonymous/172.17.0.1.
2019-01-19 18:37:19,673 [ACCEPTED DOWNLOAD] libs-release:hsqldb/hsqldb/1.8.0.10/hsqldb-1.8.0.10.jar.sha1 for anonymous/172.17.0.1.
2019-01-19 18:37:20,459 [ACCEPTED DEPLOY] jcenter-cache:org/codehaus/plexus/plexus-io/2.0.7/plexus-io-2.0.7.pom for anonymous/172.17.0.1.
2019-01-19 18:37:20,465 [ACCEPTED DOWNLOAD] jcenter:org/codehaus/plexus/plexus-io/2.0.7/plexus-io-2.0.7.pom for anonymous/172.17.0.1.
2019-01-19 18:37:20,471 [ACCEPTED DOWNLOAD] libs-release:org/codehaus/plexus/plexus-io/2.0.7/plexus-io-2.0.7.pom.sha1 for anonymous/172.17.0.1.
2019-01-19 18:37:20,526 [ACCEPTED DEPLOY] jcenter-cache:org/codehaus/plexus/plexus-components/1.2/plexus-components-1.2.pom for anonymous/172.17.0.1.
2019-01-19 18:37:20,536 [ACCEPTED DEPLOY] libs-release:org/codehaus/plexus/plexus-components/1.2/plexus-components-1.2.pom for anonymous/172.17.0.1.
2019-01-19 18:37:20,603 [ACCEPTED DEPLOY] jcenter-cache:org/codehaus/plexus/plexus/3.2/plexus-3.2.pom for anonymous/172.17.0.1.
2019-01-19 18:37:20,670 [ACCEPTED DEPLOY] jcenter-cache:commons-io/commons-io/2.2/commons-io-2.2.pom for anonymous/172.17.0.1.
2019-01-19 18:37:20,742 [ACCEPTED DEPLOY] jcenter-cache:org/apache/commons/commons-parent/24/commons-parent-24.pom for anonymous/172.17.0.1.
2019-01-19 18:37:20,832 [ACCEPTED DEPLOY] jcenter-cache:org/codehaus/plexus/plexus-archiver/2.4.1/plexus-archiver-2.4.1.pom for anonymous/172.17.0.1.
2019-01-19 18:37:20,837 [ACCEPTED DOWNLOAD] jcenter:org/codehaus/plexus/plexus-archiver/2.4.1/plexus-archiver-2.4.1.pom for anonymous/172.17.0.1.
2019-01-19 18:37:20,842 [ACCEPTED DOWNLOAD] libs-release:org/codehaus/plexus/plexus-archiver/2.4.1/plexus-archiver-2.4.1.pom.sha1 for anonymous/172.17.0.1.
2019-01-19 18:37:20,902 [ACCEPTED DEPLOY] jcenter-cache:org/codehaus/plexus/plexus-components/1.3/plexus-components-1.3.pom for anonymous/172.17.0.1.
2019-01-19 18:37:20,915 [ACCEPTED DEPLOY] libs-release:org/codehaus/plexus/plexus-components/1.3/plexus-components-1.3.pom for anonymous/172.17.0.1.
2019-01-19 18:37:20,976 [ACCEPTED DEPLOY] jcenter-cache:org/apache/commons/commons-compress/1.5/commons-compress-1.5.pom for anonymous/172.17.0.1.
2019-01-19 18:37:20,980 [ACCEPTED DOWNLOAD] jcenter:org/apache/commons/commons-compress/1.5/commons-compress-1.5.pom for anonymous/172.17.0.1.
2019-01-19 18:37:20,985 [ACCEPTED DOWNLOAD] libs-release:org/apache/commons/commons-compress/1.5/commons-compress-1.5.pom.sha1 for anonymous/172.17.0.1.
2019-01-19 18:37:21,053 [ACCEPTED DEPLOY] jcenter-cache:org/apache/commons/commons-parent/28/commons-parent-28.pom for anonymous/172.17.0.1.
2019-01-19 18:37:21,062 [ACCEPTED DOWNLOAD] jcenter:org/apache/commons/commons-parent/28/commons-parent-28.pom for anonymous/172.17.0.1.
2019-01-19 18:37:21,069 [ACCEPTED DOWNLOAD] libs-release:org/apache/commons/commons-parent/28/commons-parent-28.pom.sha1 for anonymous/172.17.0.1.
2019-01-19 18:37:21,134 [ACCEPTED DEPLOY] jcenter-cache:org/tukaani/xz/1.2/xz-1.2.pom for anonymous/172.17.0.1.
2019-01-19 18:37:21,140 [ACCEPTED DOWNLOAD] jcenter:org/tukaani/xz/1.2/xz-1.2.pom for anonymous/172.17.0.1.
2019-01-19 18:37:21,148 [ACCEPTED DOWNLOAD] libs-release:org/tukaani/xz/1.2/xz-1.2.pom.sha1 for anonymous/172.17.0.1.
2019-01-19 18:37:21,211 [ACCEPTED DEPLOY] jcenter-cache:com/thoughtworks/xstream/xstream/1.4.2/xstream-1.4.2.pom for anonymous/172.17.0.1.
2019-01-19 18:37:21,215 [ACCEPTED DOWNLOAD] jcenter:com/thoughtworks/xstream/xstream/1.4.2/xstream-1.4.2.pom for anonymous/172.17.0.1.
2019-01-19 18:37:21,221 [ACCEPTED DOWNLOAD] libs-release:com/thoughtworks/xstream/xstream/1.4.2/xstream-1.4.2.pom.sha1 for anonymous/172.17.0.1.
2019-01-19 18:37:21,283 [ACCEPTED DEPLOY] jcenter-cache:com/thoughtworks/xstream/xstream-parent/1.4.2/xstream-parent-1.4.2.pom for anonymous/172.17.0.1.
2019-01-19 18:37:21,289 [ACCEPTED DOWNLOAD] jcenter:com/thoughtworks/xstream/xstream-parent/1.4.2/xstream-parent-1.4.2.pom for anonymous/172.17.0.1.
2019-01-19 18:37:21,294 [ACCEPTED DOWNLOAD] libs-release:com/thoughtworks/xstream/xstream-parent/1.4.2/xstream-parent-1.4.2.pom.sha1 for anonymous/172.17.0.1.
2019-01-19 18:37:21,360 [ACCEPTED DEPLOY] jcenter-cache:org/codehaus/codehaus-parent/3/codehaus-parent-3.pom for anonymous/172.17.0.1.
2019-01-19 18:37:21,377 [ACCEPTED DEPLOY] libs-release:org/codehaus/codehaus-parent/3/codehaus-parent-3.pom for anonymous/172.17.0.1.
2019-01-19 18:37:21,439 [ACCEPTED DEPLOY] jcenter-cache:xmlpull/xmlpull/1.1.3.1/xmlpull-1.1.3.1.pom for anonymous/172.17.0.1.
2019-01-19 18:37:21,505 [ACCEPTED DEPLOY] jcenter-cache:xpp3/xpp3_min/1.1.4c/xpp3_min-1.1.4c.pom for anonymous/172.17.0.1.
2019-01-19 18:37:21,611 [ACCEPTED DEPLOY] jcenter-cache:org/codehaus/plexus/plexus-io/2.0.7/plexus-io-2.0.7.jar for anonymous/172.17.0.1.
2019-01-19 18:37:21,618 [ACCEPTED DEPLOY] jcenter-cache:org/tukaani/xz/1.2/xz-1.2.jar for anonymous/172.17.0.1.
2019-01-19 18:37:21,621 [ACCEPTED DOWNLOAD] jcenter:org/codehaus/plexus/plexus-io/2.0.7/plexus-io-2.0.7.jar for anonymous/172.17.0.1.
2019-01-19 18:37:21,622 [ACCEPTED DEPLOY] jcenter-cache:commons-io/commons-io/2.2/commons-io-2.2.jar for anonymous/172.17.0.1.
2019-01-19 18:37:21,630 [ACCEPTED DOWNLOAD] libs-release:org/codehaus/plexus/plexus-io/2.0.7/plexus-io-2.0.7.jar.sha1 for anonymous/172.17.0.1.
2019-01-19 18:37:21,634 [ACCEPTED DOWNLOAD] jcenter:org/tukaani/xz/1.2/xz-1.2.jar for anonymous/172.17.0.1.
2019-01-19 18:37:21,645 [ACCEPTED DOWNLOAD] libs-release:org/tukaani/xz/1.2/xz-1.2.jar.sha1 for anonymous/172.17.0.1.
2019-01-19 18:37:21,663 [ACCEPTED DEPLOY] jcenter-cache:org/codehaus/plexus/plexus-archiver/2.4.1/plexus-archiver-2.4.1.jar for anonymous/172.17.0.1.
2019-01-19 18:37:21,666 [ACCEPTED DOWNLOAD] jcenter:org/codehaus/plexus/plexus-archiver/2.4.1/plexus-archiver-2.4.1.jar for anonymous/172.17.0.1.
2019-01-19 18:37:21,676 [ACCEPTED DOWNLOAD] libs-release:org/codehaus/plexus/plexus-archiver/2.4.1/plexus-archiver-2.4.1.jar.sha1 for anonymous/172.17.0.1.
2019-01-19 18:37:21,705 [ACCEPTED DEPLOY] jcenter-cache:xmlpull/xmlpull/1.1.3.1/xmlpull-1.1.3.1.jar for anonymous/172.17.0.1.
2019-01-19 18:37:21,725 [ACCEPTED DEPLOY] jcenter-cache:xpp3/xpp3_min/1.1.4c/xpp3_min-1.1.4c.jar for anonymous/172.17.0.1.
2019-01-19 18:37:21,853 [ACCEPTED DEPLOY] jcenter-cache:org/apache/commons/commons-compress/1.5/commons-compress-1.5.jar for anonymous/172.17.0.1.
2019-01-19 18:37:21,856 [ACCEPTED DOWNLOAD] jcenter:org/apache/commons/commons-compress/1.5/commons-compress-1.5.jar for anonymous/172.17.0.1.
2019-01-19 18:37:21,868 [ACCEPTED DOWNLOAD] libs-release:org/apache/commons/commons-compress/1.5/commons-compress-1.5.jar.sha1 for anonymous/172.17.0.1.
2019-01-19 18:37:23,296 [ACCEPTED DEPLOY] jcenter-cache:org/codehaus/plexus/plexus-utils/3.0.10/plexus-utils-3.0.10.jar for anonymous/172.17.0.1.
2019-01-19 18:37:23,299 [ACCEPTED DOWNLOAD] jcenter:org/codehaus/plexus/plexus-utils/3.0.10/plexus-utils-3.0.10.jar for anonymous/172.17.0.1.
2019-01-19 18:37:23,310 [ACCEPTED DOWNLOAD] libs-release:org/codehaus/plexus/plexus-utils/3.0.10/plexus-utils-3.0.10.jar.sha1 for anonymous/172.17.0.1.
2019-01-19 18:37:23,622 [ACCEPTED DEPLOY] jcenter-cache:com/thoughtworks/xstream/xstream/1.4.2/xstream-1.4.2.jar for anonymous/172.17.0.1.
2019-01-19 18:37:23,624 [ACCEPTED DOWNLOAD] jcenter:com/thoughtworks/xstream/xstream/1.4.2/xstream-1.4.2.jar for anonymous/172.17.0.1.
2019-01-19 18:37:23,640 [ACCEPTED DOWNLOAD] libs-release:com/thoughtworks/xstream/xstream/1.4.2/xstream-1.4.2.jar.sha1 for anonymous/172.17.0.1.
2019-01-19 18:37:25,384 [ACCEPTED DEPLOY] Jenkins-snapshot:org/jfrog/test/multi2/3.7-SNAPSHOT/multi2-3.7-20190119.183654-1.jar for jenkins/172.17.0.1.
2019-01-19 18:37:25,543 [ACCEPTED DEPLOY] Jenkins-snapshot:org/jfrog/test/multi2/3.7-SNAPSHOT/maven-metadata.xml for jenkins/172.17.0.1.
2019-01-19 18:37:25,545 [ACCEPTED DEPLOY] Jenkins-snapshot:org/jfrog/test/multi2/3.7-SNAPSHOT/multi2-3.7-20190119.183654-1.pom for jenkins/172.17.0.1.
2019-01-19 18:37:25,578 [ACCEPTED DEPLOY] Jenkins-snapshot:org/jfrog/test/multi1/3.7-SNAPSHOT/multi1-3.7-20190119.183654-1-tests.jar for jenkins/172.17.0.1.
2019-01-19 18:37:25,617 [ACCEPTED DEPLOY] Jenkins-snapshot:org/jfrog/test/multi1/3.7-SNAPSHOT/multi1-3.7-20190119.183654-1-sources.jar for jenkins/172.17.0.1.
2019-01-19 18:37:25,645 [ACCEPTED DEPLOY] Jenkins-snapshot:org/jfrog/test/multi2/maven-metadata.xml for jenkins/172.17.0.1.
2019-01-19 18:37:25,650 [ACCEPTED DEPLOY] Jenkins-snapshot:org/jfrog/test/multi1/3.7-SNAPSHOT/multi1-3.7-20190119.183654-1.jar for jenkins/172.17.0.1.
2019-01-19 18:37:25,672 [ACCEPTED DEPLOY] Jenkins-snapshot:org/jfrog/test/multi1/3.7-SNAPSHOT/maven-metadata.xml for jenkins/172.17.0.1.
2019-01-19 18:37:25,673 [ACCEPTED DEPLOY] Jenkins-snapshot:org/jfrog/test/multi1/3.7-SNAPSHOT/multi1-3.7-20190119.183654-1.pom for jenkins/172.17.0.1.
2019-01-19 18:37:25,700 [ACCEPTED DEPLOY] Jenkins-snapshot:org/jfrog/test/multi1/maven-metadata.xml for jenkins/172.17.0.1.
2019-01-19 18:37:25,704 [ACCEPTED DEPLOY] Jenkins-snapshot:org/jfrog/test/multi/3.7-SNAPSHOT/maven-metadata.xml for jenkins/172.17.0.1.
2019-01-19 18:37:25,704 [ACCEPTED DEPLOY] Jenkins-snapshot:org/jfrog/test/multi/3.7-SNAPSHOT/multi-3.7-20190119.183654-1.pom for jenkins/172.17.0.1.
2019-01-19 18:37:25,736 [ACCEPTED DEPLOY] Jenkins-snapshot:org/jfrog/test/multi/maven-metadata.xml for jenkins/172.17.0.1.
2019-01-19 18:37:25,826 [ACCEPTED DEPLOY] Jenkins-snapshot:org/jfrog/test/multi3/3.7-SNAPSHOT/multi3-3.7-20190119.183654-1.war for jenkins/172.17.0.1.
2019-01-19 18:37:25,849 [ACCEPTED DEPLOY] Jenkins-snapshot:org/jfrog/test/multi3/3.7-SNAPSHOT/maven-metadata.xml for jenkins/172.17.0.1.
2019-01-19 18:37:25,849 [ACCEPTED DEPLOY] Jenkins-snapshot:org/jfrog/test/multi3/3.7-SNAPSHOT/multi3-3.7-20190119.183654-1.pom for jenkins/172.17.0.1.
2019-01-19 18:37:25,914 [ACCEPTED DEPLOY] Jenkins-snapshot:org/jfrog/test/multi3/maven-metadata.xml for jenkins/172.17.0.1.
2019-01-19 18:37:26,002 [DENIED DEPLOY] artifactory-build-info:maven-example/9-1547923020339.json for jenkins/172.17.0.1.
2019-01-19 18:46:59,539 [ACCEPTED DEPLOY] Jenkins-snapshot:org/jfrog/test/multi2/3.7-SNAPSHOT/maven-metadata.xml for jenkins/172.17.0.1.
2019-01-19 18:46:59,540 [ACCEPTED DEPLOY] Jenkins-snapshot:org/jfrog/test/multi2/3.7-SNAPSHOT/multi2-3.7-20190119.184643-2.jar for jenkins/172.17.0.1.
2019-01-19 18:46:59,632 [ACCEPTED DEPLOY] Jenkins-snapshot:org/jfrog/test/multi2/3.7-SNAPSHOT/maven-metadata.xml for jenkins/172.17.0.1.
2019-01-19 18:46:59,633 [ACCEPTED DEPLOY] Jenkins-snapshot:org/jfrog/test/multi2/3.7-SNAPSHOT/multi2-3.7-20190119.184643-2.pom for jenkins/172.17.0.1.
2019-01-19 18:46:59,676 [ACCEPTED DEPLOY] Jenkins-snapshot:org/jfrog/test/multi1/3.7-SNAPSHOT/maven-metadata.xml for jenkins/172.17.0.1.
2019-01-19 18:46:59,677 [ACCEPTED DEPLOY] Jenkins-snapshot:org/jfrog/test/multi1/3.7-SNAPSHOT/multi1-3.7-20190119.184643-2-tests.jar for jenkins/172.17.0.1.
2019-01-19 18:46:59,696 [ACCEPTED DEPLOY] Jenkins-snapshot:org/jfrog/test/multi2/maven-metadata.xml for jenkins/172.17.0.1.
2019-01-19 18:46:59,705 [ACCEPTED DEPLOY] Jenkins-snapshot:org/jfrog/test/multi1/3.7-SNAPSHOT/maven-metadata.xml for jenkins/172.17.0.1.
2019-01-19 18:46:59,705 [ACCEPTED DEPLOY] Jenkins-snapshot:org/jfrog/test/multi1/3.7-SNAPSHOT/multi1-3.7-20190119.184643-2-sources.jar for jenkins/172.17.0.1.
2019-01-19 18:46:59,750 [ACCEPTED DEPLOY] Jenkins-snapshot:org/jfrog/test/multi1/3.7-SNAPSHOT/maven-metadata.xml for jenkins/172.17.0.1.
2019-01-19 18:46:59,751 [ACCEPTED DEPLOY] Jenkins-snapshot:org/jfrog/test/multi1/3.7-SNAPSHOT/multi1-3.7-20190119.184643-2.jar for jenkins/172.17.0.1.
2019-01-19 18:46:59,780 [ACCEPTED DEPLOY] Jenkins-snapshot:org/jfrog/test/multi1/3.7-SNAPSHOT/maven-metadata.xml for jenkins/172.17.0.1.
2019-01-19 18:46:59,780 [ACCEPTED DEPLOY] Jenkins-snapshot:org/jfrog/test/multi1/3.7-SNAPSHOT/multi1-3.7-20190119.184643-2.pom for jenkins/172.17.0.1.
2019-01-19 18:46:59,815 [ACCEPTED DEPLOY] Jenkins-snapshot:org/jfrog/test/multi1/maven-metadata.xml for jenkins/172.17.0.1.
2019-01-19 18:46:59,821 [ACCEPTED DEPLOY] Jenkins-snapshot:org/jfrog/test/multi/3.7-SNAPSHOT/maven-metadata.xml for jenkins/172.17.0.1.
2019-01-19 18:46:59,821 [ACCEPTED DEPLOY] Jenkins-snapshot:org/jfrog/test/multi/3.7-SNAPSHOT/multi-3.7-20190119.184643-2.pom for jenkins/172.17.0.1.
2019-01-19 18:46:59,853 [ACCEPTED DEPLOY] Jenkins-snapshot:org/jfrog/test/multi/maven-metadata.xml for jenkins/172.17.0.1.
2019-01-19 18:46:59,956 [ACCEPTED DEPLOY] Jenkins-snapshot:org/jfrog/test/multi3/3.7-SNAPSHOT/maven-metadata.xml for jenkins/172.17.0.1.
2019-01-19 18:46:59,957 [ACCEPTED DEPLOY] Jenkins-snapshot:org/jfrog/test/multi3/3.7-SNAPSHOT/multi3-3.7-20190119.184643-2.war for jenkins/172.17.0.1.
2019-01-19 18:46:59,981 [ACCEPTED DEPLOY] Jenkins-snapshot:org/jfrog/test/multi3/3.7-SNAPSHOT/maven-metadata.xml for jenkins/172.17.0.1.
2019-01-19 18:46:59,982 [ACCEPTED DEPLOY] Jenkins-snapshot:org/jfrog/test/multi3/3.7-SNAPSHOT/multi3-3.7-20190119.184643-2.pom for jenkins/172.17.0.1.
2019-01-19 18:46:59,999 [ACCEPTED DEPLOY] Jenkins-snapshot:org/jfrog/test/multi3/maven-metadata.xml for jenkins/172.17.0.1.
2019-01-19 18:47:00,250 [ACCEPTED BUILD_CREATE] maven-example:10 for jenkins/172.17.0.1.
2019-01-19 18:47:00,254 [ACCEPTED DEPLOY] artifactory-build-info:maven-example/10-1547923609042.json for jenkins/172.17.0.1.
2019-01-19 18:55:55,981 [ACCEPTED BUILD_CREATE] SpringBootWebTut:26 for jenkins/172.17.0.1.
2019-01-19 18:55:55,981 [ACCEPTED DEPLOY] artifactory-build-info:SpringBootWebTut/26-1547924136652.json for jenkins/172.17.0.1.
2019-01-19 19:22:26,540 [ACCEPTED DEPLOY] Jenkins-snapshot:org/jfrog/test/multi2/3.7-SNAPSHOT/maven-metadata.xml for jenkins/172.17.0.1.
2019-01-19 19:22:26,541 [ACCEPTED DEPLOY] Jenkins-snapshot:org/jfrog/test/multi2/3.7-SNAPSHOT/multi2-3.7-20190119.192209-3.jar for jenkins/172.17.0.1.
2019-01-19 19:22:26,689 [ACCEPTED DEPLOY] Jenkins-snapshot:org/jfrog/test/multi2/3.7-SNAPSHOT/maven-metadata.xml for jenkins/172.17.0.1.
2019-01-19 19:22:26,689 [ACCEPTED DEPLOY] Jenkins-snapshot:org/jfrog/test/multi2/3.7-SNAPSHOT/multi2-3.7-20190119.192209-3.pom for jenkins/172.17.0.1.
2019-01-19 19:22:26,706 [ACCEPTED DEPLOY] Jenkins-snapshot:org/jfrog/test/multi2/maven-metadata.xml for jenkins/172.17.0.1.
2019-01-19 19:22:26,769 [ACCEPTED DEPLOY] Jenkins-snapshot:org/jfrog/test/multi1/3.7-SNAPSHOT/maven-metadata.xml for jenkins/172.17.0.1.
2019-01-19 19:22:26,769 [ACCEPTED DEPLOY] Jenkins-snapshot:org/jfrog/test/multi1/3.7-SNAPSHOT/multi1-3.7-20190119.192209-3-tests.jar for jenkins/172.17.0.1.
2019-01-19 19:22:26,863 [ACCEPTED DEPLOY] Jenkins-snapshot:org/jfrog/test/multi1/3.7-SNAPSHOT/maven-metadata.xml for jenkins/172.17.0.1.
2019-01-19 19:22:26,863 [ACCEPTED DEPLOY] Jenkins-snapshot:org/jfrog/test/multi1/3.7-SNAPSHOT/multi1-3.7-20190119.192209-3-sources.jar for jenkins/172.17.0.1.
2019-01-19 19:22:27,020 [ACCEPTED DEPLOY] Jenkins-snapshot:org/jfrog/test/multi1/3.7-SNAPSHOT/maven-metadata.xml for jenkins/172.17.0.1.
2019-01-19 19:22:27,021 [ACCEPTED DEPLOY] Jenkins-snapshot:org/jfrog/test/multi1/3.7-SNAPSHOT/multi1-3.7-20190119.192209-3.jar for jenkins/172.17.0.1.
2019-01-19 19:22:27,051 [ACCEPTED DEPLOY] Jenkins-snapshot:org/jfrog/test/multi1/3.7-SNAPSHOT/maven-metadata.xml for jenkins/172.17.0.1.
2019-01-19 19:22:27,051 [ACCEPTED DEPLOY] Jenkins-snapshot:org/jfrog/test/multi1/3.7-SNAPSHOT/multi1-3.7-20190119.192209-3.pom for jenkins/172.17.0.1.
2019-01-19 19:22:27,067 [ACCEPTED DEPLOY] Jenkins-snapshot:org/jfrog/test/multi1/maven-metadata.xml for jenkins/172.17.0.1.
2019-01-19 19:22:27,078 [ACCEPTED DEPLOY] Jenkins-snapshot:org/jfrog/test/multi/3.7-SNAPSHOT/maven-metadata.xml for jenkins/172.17.0.1.
2019-01-19 19:22:27,079 [ACCEPTED DEPLOY] Jenkins-snapshot:org/jfrog/test/multi/3.7-SNAPSHOT/multi-3.7-20190119.192209-3.pom for jenkins/172.17.0.1.
2019-01-19 19:22:27,091 [ACCEPTED DEPLOY] Jenkins-snapshot:org/jfrog/test/multi/maven-metadata.xml for jenkins/172.17.0.1.
2019-01-19 19:22:27,182 [ACCEPTED DEPLOY] Jenkins-snapshot:org/jfrog/test/multi3/3.7-SNAPSHOT/maven-metadata.xml for jenkins/172.17.0.1.
2019-01-19 19:22:27,182 [ACCEPTED DEPLOY] Jenkins-snapshot:org/jfrog/test/multi3/3.7-SNAPSHOT/multi3-3.7-20190119.192209-3.war for jenkins/172.17.0.1.
2019-01-19 19:22:27,204 [ACCEPTED DEPLOY] Jenkins-snapshot:org/jfrog/test/multi3/3.7-SNAPSHOT/maven-metadata.xml for jenkins/172.17.0.1.
2019-01-19 19:22:27,205 [ACCEPTED DEPLOY] Jenkins-snapshot:org/jfrog/test/multi3/3.7-SNAPSHOT/multi3-3.7-20190119.192209-3.pom for jenkins/172.17.0.1.
2019-01-19 19:22:27,229 [ACCEPTED DEPLOY] Jenkins-snapshot:org/jfrog/test/multi3/maven-metadata.xml for jenkins/172.17.0.1.
2019-01-19 19:22:27,301 [ACCEPTED BUILD_CREATE] maven-example:11 for jenkins/172.17.0.1.
2019-01-19 19:22:27,301 [ACCEPTED DEPLOY] artifactory-build-info:maven-example/11-1547925735517.json for jenkins/172.17.0.1.
2019-01-20 00:12:00,057 [ACCEPTED DELETE] libs-release:org/apache/apache/10/apache-10.pom for _system_.
2019-01-20 00:12:00,136 [ACCEPTED DELETE] libs-release:org/apache/apache/11/apache-11.pom for _system_.
2019-01-20 00:12:00,139 [ACCEPTED DELETE] libs-release:org/apache/apache/13/apache-13.pom for _system_.
2019-01-20 00:12:00,142 [ACCEPTED DELETE] libs-release:org/apache/apache/14/apache-14.pom for _system_.
2019-01-20 00:12:00,145 [ACCEPTED DELETE] libs-release:org/apache/apache/3/apache-3.pom for _system_.
2019-01-20 00:12:00,148 [ACCEPTED DELETE] libs-release:org/apache/apache/4/apache-4.pom for _system_.
2019-01-20 00:12:00,158 [ACCEPTED DELETE] libs-release:org/apache/apache/5/apache-5.pom for _system_.
2019-01-20 00:12:00,163 [ACCEPTED DELETE] libs-release:org/apache/apache/7/apache-7.pom for _system_.
2019-01-20 00:12:00,166 [ACCEPTED DELETE] libs-release:org/apache/apache/9/apache-9.pom for _system_.
2019-01-20 00:12:00,169 [ACCEPTED DELETE] libs-release:org/codehaus/codehaus-parent/3/codehaus-parent-3.pom for _system_.
2019-01-20 00:12:00,172 [ACCEPTED DELETE] libs-release:org/apache/maven/plugins/maven-compiler-plugin/3.2/maven-compiler-plugin-3.2.pom for _system_.
2019-01-20 00:12:00,175 [ACCEPTED DELETE] libs-release:org/apache/maven/maven-core/2.0.9/maven-core-2.0.9.pom for _system_.
2019-01-20 00:12:00,179 [ACCEPTED DELETE] libs-release:org/apache/maven/maven-parent/21/maven-parent-21.pom for _system_.
2019-01-20 00:12:00,182 [ACCEPTED DELETE] libs-release:org/apache/maven/maven-parent/22/maven-parent-22.pom for _system_.
2019-01-20 00:12:00,185 [ACCEPTED DELETE] libs-release:org/apache/maven/maven-parent/23/maven-parent-23.pom for _system_.
2019-01-20 00:12:00,188 [ACCEPTED DELETE] libs-release:org/apache/maven/maven-parent/24/maven-parent-24.pom for _system_.
2019-01-20 00:12:00,192 [ACCEPTED DELETE] libs-release:org/apache/maven/plugins/maven-plugins/22/maven-plugins-22.pom for _system_.
2019-01-20 00:12:00,195 [ACCEPTED DELETE] libs-release:org/apache/maven/plugins/maven-plugins/23/maven-plugins-23.pom for _system_.
2019-01-20 00:12:00,198 [ACCEPTED DELETE] libs-release:org/apache/maven/plugins/maven-plugins/24/maven-plugins-24.pom for _system_.
2019-01-20 00:12:00,200 [ACCEPTED DELETE] libs-release:org/apache/maven/plugins/maven-plugins/25/maven-plugins-25.pom for _system_.
2019-01-20 00:12:00,203 [ACCEPTED DELETE] libs-release:org/apache/maven/shared/maven-shared-components/17/maven-shared-components-17.pom for _system_.
2019-01-20 00:12:00,206 [ACCEPTED DELETE] libs-release:org/apache/maven/shared/maven-shared-components/18/maven-shared-components-18.pom for _system_.
2019-01-20 00:12:00,209 [ACCEPTED DELETE] libs-release:org/apache/maven/shared/maven-shared-components/19/maven-shared-components-19.pom for _system_.
2019-01-20 00:12:00,212 [ACCEPTED DELETE] libs-release:org/codehaus/plexus/plexus/1.0.11/plexus-1.0.11.pom for _system_.
2019-01-20 00:12:00,214 [ACCEPTED DELETE] libs-release:org/codehaus/plexus/plexus-components/1.2/plexus-components-1.2.pom for _system_.
2019-01-20 00:12:00,218 [ACCEPTED DELETE] libs-release:org/codehaus/plexus/plexus-components/1.3.1/plexus-components-1.3.1.pom for _system_.
2019-01-20 00:12:00,221 [ACCEPTED DELETE] libs-release:org/codehaus/plexus/plexus-components/1.3/plexus-components-1.3.pom for _system_.
2019-01-20 00:12:00,234 [ACCEPTED DELETE] libs-release:org/codehaus/plexus/plexus-interactivity-api/1.0-alpha-4/plexus-interactivity-api-1.0-alpha-4.pom for _system_.
2019-01-20 00:12:00,237 [ACCEPTED DELETE] libs-release:org/codehaus/plexus/plexus-utils/1.0.4/plexus-utils-1.0.4.pom for _system_.
2019-01-20 00:12:00,239 [ACCEPTED DELETE] libs-release:org/slf4j/slf4j-parent/1.5.6/slf4j-parent-1.5.6.pom for _system_.
2019-01-20 00:12:00,242 [ACCEPTED DELETE] libs-release:org/apache/xbean/xbean/3.4/xbean-3.4.pom for _system_.
2019-01-25 18:58:44,881 [DENIED LOGIN]  for admin/10.7.244.237.
2019-01-25 18:58:48,171 [ACCEPTED LOGIN]  for admin/10.7.244.237.
