2019-01-10 22:26:14,728 [localhost-startStop-1] [INFO ] (o.j.a.c.JFrogApplicationContextInitializer:74) - Using JFrog Access home at '/opt/jfrog/artifactory/access'
2019-01-10 22:26:14,737 [localhost-startStop-1] [INFO ] (o.j.a.AccessApplication:48) - Starting AccessApplication v4.1.39 on 384b1e3b724f with PID 191 (/opt/jfrog/artifactory/tomcat/webapps/access/WEB-INF/lib/access-application-4.1.39.jar started by artifactory in /)
2019-01-10 22:26:14,738 [localhost-startStop-1] [INFO ] (o.j.a.AccessApplication:597) - The following profiles are active: production,grpc
2019-01-10 22:26:20,858 [localhost-startStop-1] [INFO ] (o.j.a.s.d.u.AccessJdbcHelperImpl:136) - Database: Apache Derby 10.14.2.0 - (1828579). Driver: Apache Derby Embedded JDBC Driver 10.14.2.0 - (1828579)
2019-01-10 22:26:20,858 [localhost-startStop-1] [INFO ] (o.j.a.s.d.u.AccessJdbcHelperImpl:139) - Connection URL: jdbc:derby:/opt/jfrog/artifactory/data/derby
2019-01-10 22:26:21,177 [localhost-startStop-1] [INFO ] (o.j.a.s.d.u.AccessJdbcHelperImpl:148) - ***Creating database schema***
2019-01-10 22:26:22,330 [localhost-startStop-1] [INFO ] (o.j.a.s.d.u.AccessJdbcHelperImpl:164) - Setting new schema baseline to latest version: 3.12
2019-01-10 22:26:23,099 [localhost-startStop-1] [INFO ] (o.j.c.s.InternalConfigurationServiceBase:151) - Configuration data wasn't found in db. Loading defaults
2019-01-10 22:26:23,779 [localhost-startStop-1] [INFO ] (o.j.s.m.MasterKeyBootstrapper:56) - No master.key was supplied (system prop or file), attempting to generate new master.key
2019-01-10 22:26:23,861 [localhost-startStop-1] [INFO ] (o.j.a.m.ConfigMigrationRunner:73) - Current version of access.properties is 1, latest version is 2. Applying migrations.
2019-01-10 22:26:23,861 [localhost-startStop-1] [INFO ] (o.j.a.m.ConfigMigrationRunner:73) - Migrating access.properties to version 2
2019-01-10 22:26:23,864 [localhost-startStop-1] [INFO ] (o.j.a.s.s.AccessStartupUtil:44) - [ACCESS BOOTSTRAP] Server name not found in access properties. Setting value to fd273597-e568-4dcb-8d1e-da33bdbb6398
2019-01-10 22:26:24,486 [localhost-startStop-1] [INFO ] (o.j.a.s.s.t.TokenServiceImpl:98) - Scheduling task for revoking expired tokens using cron expression: 0 0 0/1 * * ?
2019-01-10 22:26:24,545 [localhost-startStop-1] [INFO ] (o.j.a.s.r.c.RpcServiceInvoker:78) - Added service: sync
2019-01-10 22:26:25,180 [localhost-startStop-1] [INFO ] (o.j.a.s.AccessServerBootstrapImpl:103) - [ACCESS BOOTSTRAP] Starting JFrog Access bootstrap...
2019-01-10 22:26:25,185 [localhost-startStop-1] [INFO ] (o.j.a.s.s.CertificateServiceImpl:392) - [ACCESS BOOTSTRAP] Generating private key and root certificate
2019-01-10 22:26:25,689 [localhost-startStop-1] [INFO ] (o.j.a.s.m.CertificateMigrationImpl:71) - [Certificate Migration] Recreating root certificate to match current certificate version
2019-01-10 22:26:25,702 [localhost-startStop-1] [INFO ] (o.j.a.s.m.CertificateMigrationImpl:93) - [Certificate Migration] Creating root certificate for version: null
2019-01-10 22:26:26,105 [localhost-startStop-1] [INFO ] (o.j.a.s.m.CertificateMigrationImpl:82) - [Certificate Migration] Saved new root certificate in: /opt/jfrog/artifactory/access/etc/keys/root.crt
2019-01-10 22:26:26,756 [localhost-startStop-1] [INFO ] (o.j.a.s.AccessServerBootstrapImpl:156) - [ACCESS BOOTSTRAP] Updating server 'fd273597-e568-4dcb-8d1e-da33bdbb6398' private key finger print to: 37f3e2b473d3a3af41c6d19e74c4b0a2dd3de3aa25cd1842f36e038c6b05a7b9
2019-01-10 22:26:26,866 [localhost-startStop-1] [INFO ] (o.j.a.s.AccessServerBootstrapImpl:331) - [ACCESS BOOTSTRAP] No admin user exists - generating an admin user, credentials will be saved to: /opt/jfrog/artifactory/access/etc/generated.creds
2019-01-10 22:26:27,090 [localhost-startStop-1] [INFO ] (o.j.a.s.AccessServerBootstrapImpl:373) - [ACCESS BOOTSTRAP] Writing updated credentials to the bundling Artifactory: /opt/jfrog/artifactory/etc/security/access/bootstrap.creds
2019-01-10 22:26:27,097 [localhost-startStop-1] [INFO ] (o.j.a.s.AccessServerBootstrapImpl:302) - [ACCESS BOOTSTRAP] Creating default access admin permission 'jfac@01d0wxz3m1wscx12zqw4xp0zhp-admin'
2019-01-10 22:26:27,142 [localhost-startStop-1] [INFO ] (o.j.a.s.AccessServerBootstrapImpl:324) - [ACCESS BOOTSTRAP] Assigning user 'access-admin' to admin permission 'jfac@01d0wxz3m1wscx12zqw4xp0zhp-admin'.
2019-01-10 22:26:27,214 [localhost-startStop-1] [INFO ] (o.j.a.s.AccessServerBootstrapImpl:118) - [ACCESS BOOTSTRAP] JFrog Access bootstrap finished.
2019-01-10 22:26:30,126 [localhost-startStop-1] [INFO ] (o.j.a.c.RefreshableScheduledJob:52) - Scheduling heartbeat task to run every 5 seconds
2019-01-10 22:26:33,586 [localhost-startStop-1] [INFO ] (o.j.a.AccessApplication:57) - Started AccessApplication in 20.396 seconds (JVM running for 24.079)
2019-01-10 22:26:43,493 [http-nio-8040-exec-9] [INFO ] (o.j.a.s.s.b.AccessImporterExporterImpl:63) - Exporting groups...
2019-01-10 22:26:43,519 [http-nio-8040-exec-9] [INFO ] (o.j.a.s.s.b.AccessImporterExporterImpl:63) - Exporting federation_events...
2019-01-10 22:26:43,529 [http-nio-8040-exec-9] [INFO ] (o.j.a.s.s.b.AccessImporterExporterImpl:63) - Exporting tokens...
2019-01-10 22:26:43,536 [http-nio-8040-exec-9] [INFO ] (o.j.a.s.s.b.AccessImporterExporterImpl:63) - Exporting federation_servers...
2019-01-10 22:26:43,551 [http-nio-8040-exec-9] [INFO ] (o.j.a.s.s.b.AccessImporterExporterImpl:63) - Exporting permissions...
2019-01-10 22:26:43,567 [http-nio-8040-exec-9] [INFO ] (o.j.a.s.s.b.AccessImporterExporterImpl:63) - Exporting servers...
2019-01-10 22:26:43,571 [http-nio-8040-exec-9] [INFO ] (o.j.a.s.s.b.AccessImporterExporterImpl:63) - Exporting users...
2019-01-10 22:26:43,601 [http-nio-8040-exec-9] [INFO ] (o.j.a.s.s.b.AccessImporterExporterImpl:63) - Exporting config...
2019-01-10 22:26:43,613 [http-nio-8040-exec-9] [INFO ] (o.j.a.s.s.b.AccessImporterExporterImpl:63) - Exporting encryption...
2019-01-10 22:26:43,615 [http-nio-8040-exec-9] [INFO ] (o.j.a.s.s.b.AccessImporterExporterImpl:63) - Exporting home...
2019-01-10 22:26:44,288 [http-nio-8040-exec-1] [ERROR] (o.j.a.s.a.s.p.SecurityPermissionEventLogProvider:95) - Could not audit custom data for add customData
2019-01-10 22:26:44,336 [http-nio-8040-exec-3] [ERROR] (o.j.a.s.a.s.p.SecurityPermissionEventLogProvider:95) - Could not audit custom data for add customData
2019-01-10 22:26:44,370 [http-nio-8040-exec-5] [ERROR] (o.j.a.s.a.s.p.SecurityPermissionEventLogProvider:95) - Could not audit custom data for add customData
2019-01-11 02:00:00,136 [http-nio-8040-exec-2] [INFO ] (o.j.a.s.s.b.AccessImporterExporterImpl:63) - Exporting groups...
2019-01-11 02:00:00,140 [http-nio-8040-exec-2] [INFO ] (o.j.a.s.s.b.AccessImporterExporterImpl:63) - Exporting federation_events...
2019-01-11 02:00:00,141 [http-nio-8040-exec-2] [INFO ] (o.j.a.s.s.b.AccessImporterExporterImpl:63) - Exporting tokens...
2019-01-11 02:00:00,144 [http-nio-8040-exec-2] [INFO ] (o.j.a.s.s.b.AccessImporterExporterImpl:63) - Exporting federation_servers...
2019-01-11 02:00:00,145 [http-nio-8040-exec-2] [INFO ] (o.j.a.s.s.b.AccessImporterExporterImpl:63) - Exporting permissions...
2019-01-11 02:00:00,183 [http-nio-8040-exec-2] [INFO ] (o.j.a.s.s.b.AccessImporterExporterImpl:63) - Exporting servers...
2019-01-11 02:00:00,186 [http-nio-8040-exec-2] [INFO ] (o.j.a.s.s.b.AccessImporterExporterImpl:63) - Exporting users...
2019-01-11 02:00:00,198 [http-nio-8040-exec-2] [INFO ] (o.j.a.s.s.b.AccessImporterExporterImpl:63) - Exporting config...
2019-01-11 02:00:00,225 [http-nio-8040-exec-2] [INFO ] (o.j.a.s.s.b.AccessImporterExporterImpl:63) - Exporting encryption...
2019-01-11 02:00:00,227 [http-nio-8040-exec-2] [INFO ] (o.j.a.s.s.b.AccessImporterExporterImpl:63) - Exporting home...
2019-01-14 02:00:03,283 [http-nio-8040-exec-1] [INFO ] (o.j.a.s.s.b.AccessImporterExporterImpl:63) - Exporting groups...
2019-01-14 02:00:03,475 [http-nio-8040-exec-1] [INFO ] (o.j.a.s.s.b.AccessImporterExporterImpl:63) - Exporting federation_events...
2019-01-14 02:00:03,476 [http-nio-8040-exec-1] [INFO ] (o.j.a.s.s.b.AccessImporterExporterImpl:63) - Exporting tokens...
2019-01-14 02:00:03,480 [http-nio-8040-exec-1] [INFO ] (o.j.a.s.s.b.AccessImporterExporterImpl:63) - Exporting federation_servers...
2019-01-14 02:00:03,495 [http-nio-8040-exec-1] [INFO ] (o.j.a.s.s.b.AccessImporterExporterImpl:63) - Exporting permissions...
2019-01-14 02:00:03,658 [http-nio-8040-exec-1] [INFO ] (o.j.a.s.s.b.AccessImporterExporterImpl:63) - Exporting servers...
2019-01-14 02:00:03,674 [http-nio-8040-exec-1] [INFO ] (o.j.a.s.s.b.AccessImporterExporterImpl:63) - Exporting users...
2019-01-14 02:00:03,701 [http-nio-8040-exec-1] [INFO ] (o.j.a.s.s.b.AccessImporterExporterImpl:63) - Exporting config...
2019-01-14 02:00:03,793 [http-nio-8040-exec-1] [INFO ] (o.j.a.s.s.b.AccessImporterExporterImpl:63) - Exporting encryption...
2019-01-14 02:00:03,832 [http-nio-8040-exec-1] [INFO ] (o.j.a.s.s.b.AccessImporterExporterImpl:63) - Exporting home...
2019-01-15 02:00:02,347 [http-nio-8040-exec-2] [INFO ] (o.j.a.s.s.b.AccessImporterExporterImpl:63) - Exporting groups...
2019-01-15 02:00:02,358 [http-nio-8040-exec-2] [INFO ] (o.j.a.s.s.b.AccessImporterExporterImpl:63) - Exporting federation_events...
2019-01-15 02:00:02,359 [http-nio-8040-exec-2] [INFO ] (o.j.a.s.s.b.AccessImporterExporterImpl:63) - Exporting tokens...
2019-01-15 02:00:02,368 [http-nio-8040-exec-2] [INFO ] (o.j.a.s.s.b.AccessImporterExporterImpl:63) - Exporting federation_servers...
2019-01-15 02:00:02,369 [http-nio-8040-exec-2] [INFO ] (o.j.a.s.s.b.AccessImporterExporterImpl:63) - Exporting permissions...
2019-01-15 02:00:02,401 [http-nio-8040-exec-2] [INFO ] (o.j.a.s.s.b.AccessImporterExporterImpl:63) - Exporting servers...
2019-01-15 02:00:02,404 [http-nio-8040-exec-2] [INFO ] (o.j.a.s.s.b.AccessImporterExporterImpl:63) - Exporting users...
2019-01-15 02:00:02,416 [http-nio-8040-exec-2] [INFO ] (o.j.a.s.s.b.AccessImporterExporterImpl:63) - Exporting config...
2019-01-15 02:00:02,441 [http-nio-8040-exec-2] [INFO ] (o.j.a.s.s.b.AccessImporterExporterImpl:63) - Exporting encryption...
2019-01-15 02:00:02,448 [http-nio-8040-exec-2] [INFO ] (o.j.a.s.s.b.AccessImporterExporterImpl:63) - Exporting home...
2019-01-16 02:00:02,468 [http-nio-8040-exec-5] [INFO ] (o.j.a.s.s.b.AccessImporterExporterImpl:63) - Exporting groups...
2019-01-16 02:00:02,492 [http-nio-8040-exec-5] [INFO ] (o.j.a.s.s.b.AccessImporterExporterImpl:63) - Exporting federation_events...
2019-01-16 02:00:02,493 [http-nio-8040-exec-5] [INFO ] (o.j.a.s.s.b.AccessImporterExporterImpl:63) - Exporting tokens...
2019-01-16 02:00:02,496 [http-nio-8040-exec-5] [INFO ] (o.j.a.s.s.b.AccessImporterExporterImpl:63) - Exporting federation_servers...
2019-01-16 02:00:02,497 [http-nio-8040-exec-5] [INFO ] (o.j.a.s.s.b.AccessImporterExporterImpl:63) - Exporting permissions...
2019-01-16 02:00:02,526 [http-nio-8040-exec-5] [INFO ] (o.j.a.s.s.b.AccessImporterExporterImpl:63) - Exporting servers...
2019-01-16 02:00:02,530 [http-nio-8040-exec-5] [INFO ] (o.j.a.s.s.b.AccessImporterExporterImpl:63) - Exporting users...
2019-01-16 02:00:02,541 [http-nio-8040-exec-5] [INFO ] (o.j.a.s.s.b.AccessImporterExporterImpl:63) - Exporting config...
2019-01-16 02:00:02,556 [http-nio-8040-exec-5] [INFO ] (o.j.a.s.s.b.AccessImporterExporterImpl:63) - Exporting encryption...
2019-01-16 02:00:02,585 [http-nio-8040-exec-5] [INFO ] (o.j.a.s.s.b.AccessImporterExporterImpl:63) - Exporting home...
2019-01-17 02:00:02,028 [http-nio-8040-exec-6] [INFO ] (o.j.a.s.s.b.AccessImporterExporterImpl:63) - Exporting groups...
2019-01-17 02:00:02,139 [http-nio-8040-exec-6] [INFO ] (o.j.a.s.s.b.AccessImporterExporterImpl:63) - Exporting federation_events...
2019-01-17 02:00:02,140 [http-nio-8040-exec-6] [INFO ] (o.j.a.s.s.b.AccessImporterExporterImpl:63) - Exporting tokens...
2019-01-17 02:00:02,141 [http-nio-8040-exec-6] [INFO ] (o.j.a.s.s.b.AccessImporterExporterImpl:63) - Exporting federation_servers...
2019-01-17 02:00:02,142 [http-nio-8040-exec-6] [INFO ] (o.j.a.s.s.b.AccessImporterExporterImpl:63) - Exporting permissions...
2019-01-17 02:00:02,149 [http-nio-8040-exec-6] [INFO ] (o.j.a.s.s.b.AccessImporterExporterImpl:63) - Exporting servers...
2019-01-17 02:00:02,151 [http-nio-8040-exec-6] [INFO ] (o.j.a.s.s.b.AccessImporterExporterImpl:63) - Exporting users...
2019-01-17 02:00:02,198 [http-nio-8040-exec-6] [INFO ] (o.j.a.s.s.b.AccessImporterExporterImpl:63) - Exporting config...
2019-01-17 02:00:02,215 [http-nio-8040-exec-6] [INFO ] (o.j.a.s.s.b.AccessImporterExporterImpl:63) - Exporting encryption...
2019-01-17 02:00:02,222 [http-nio-8040-exec-6] [INFO ] (o.j.a.s.s.b.AccessImporterExporterImpl:63) - Exporting home...
2019-01-18 02:00:02,429 [http-nio-8040-exec-4] [INFO ] (o.j.a.s.s.b.AccessImporterExporterImpl:63) - Exporting groups...
2019-01-18 02:00:02,446 [http-nio-8040-exec-4] [INFO ] (o.j.a.s.s.b.AccessImporterExporterImpl:63) - Exporting federation_events...
2019-01-18 02:00:02,476 [http-nio-8040-exec-4] [INFO ] (o.j.a.s.s.b.AccessImporterExporterImpl:63) - Exporting tokens...
2019-01-18 02:00:02,478 [http-nio-8040-exec-4] [INFO ] (o.j.a.s.s.b.AccessImporterExporterImpl:63) - Exporting federation_servers...
2019-01-18 02:00:02,479 [http-nio-8040-exec-4] [INFO ] (o.j.a.s.s.b.AccessImporterExporterImpl:63) - Exporting permissions...
2019-01-18 02:00:02,502 [http-nio-8040-exec-4] [INFO ] (o.j.a.s.s.b.AccessImporterExporterImpl:63) - Exporting servers...
2019-01-18 02:00:02,505 [http-nio-8040-exec-4] [INFO ] (o.j.a.s.s.b.AccessImporterExporterImpl:63) - Exporting users...
2019-01-18 02:00:02,535 [http-nio-8040-exec-4] [INFO ] (o.j.a.s.s.b.AccessImporterExporterImpl:63) - Exporting config...
2019-01-18 02:00:02,547 [http-nio-8040-exec-4] [INFO ] (o.j.a.s.s.b.AccessImporterExporterImpl:63) - Exporting encryption...
2019-01-18 02:00:02,576 [http-nio-8040-exec-4] [INFO ] (o.j.a.s.s.b.AccessImporterExporterImpl:63) - Exporting home...
2019-01-19 15:13:34,103 [localhost-startStop-1] [INFO ] (o.j.a.c.JFrogApplicationContextInitializer:74) - Using JFrog Access home at '/opt/jfrog/artifactory/access'
2019-01-19 15:13:34,121 [localhost-startStop-1] [INFO ] (o.j.a.AccessApplication:48) - Starting AccessApplication v4.1.39 on 384b1e3b724f with PID 188 (/opt/jfrog/artifactory/tomcat/webapps/access/WEB-INF/lib/access-application-4.1.39.jar started by artifactory in /)
2019-01-19 15:13:34,122 [localhost-startStop-1] [INFO ] (o.j.a.AccessApplication:597) - The following profiles are active: production,grpc
2019-01-19 15:13:43,255 [localhost-startStop-1] [INFO ] (o.j.a.s.d.u.AccessJdbcHelperImpl:136) - Database: Apache Derby 10.14.2.0 - (1828579). Driver: Apache Derby Embedded JDBC Driver 10.14.2.0 - (1828579)
2019-01-19 15:13:43,256 [localhost-startStop-1] [INFO ] (o.j.a.s.d.u.AccessJdbcHelperImpl:139) - Connection URL: jdbc:derby:/opt/jfrog/artifactory/data/derby
2019-01-19 15:13:45,097 [localhost-startStop-1] [INFO ] (o.j.c.s.InternalConfigurationServiceBase:154) - Loading configuration from db finished successfully
2019-01-19 15:13:46,211 [localhost-startStop-1] [INFO ] (o.j.s.m.MasterKeyBootstrapper:52) - Found master.key file at /opt/jfrog/artifactory/etc/security/master.key, using it as master.key
2019-01-19 15:13:46,917 [localhost-startStop-1] [INFO ] (o.j.a.s.s.t.TokenServiceImpl:98) - Scheduling task for revoking expired tokens using cron expression: 0 0 0/1 * * ?
2019-01-19 15:13:47,068 [localhost-startStop-1] [INFO ] (o.j.a.s.r.c.RpcServiceInvoker:78) - Added service: sync
2019-01-19 15:13:47,912 [localhost-startStop-1] [INFO ] (o.j.a.s.AccessServerBootstrapImpl:103) - [ACCESS BOOTSTRAP] Starting JFrog Access bootstrap...
2019-01-19 15:13:48,642 [localhost-startStop-1] [INFO ] (o.j.a.s.AccessServerBootstrapImpl:156) - [ACCESS BOOTSTRAP] Updating server 'fd273597-e568-4dcb-8d1e-da33bdbb6398' private key finger print to: 37f3e2b473d3a3af41c6d19e74c4b0a2dd3de3aa25cd1842f36e038c6b05a7b9
2019-01-19 15:13:49,110 [localhost-startStop-1] [INFO ] (o.j.a.s.AccessServerBootstrapImpl:118) - [ACCESS BOOTSTRAP] JFrog Access bootstrap finished.
2019-01-19 15:13:51,583 [localhost-startStop-1] [INFO ] (o.j.a.c.RefreshableScheduledJob:52) - Scheduling heartbeat task to run every 5 seconds
2019-01-19 15:13:55,632 [localhost-startStop-1] [INFO ] (o.j.a.AccessApplication:57) - Started AccessApplication in 24.088 seconds (JVM running for 31.929)
2019-01-19 16:28:08,920 [http-nio-8040-exec-4] [ERROR] (o.j.a.s.a.s.p.SecurityPermissionEventLogProvider:95) - Could not audit custom data for update customData
2019-01-19 16:28:08,958 [http-nio-8040-exec-6] [ERROR] (o.j.a.s.a.s.p.SecurityPermissionEventLogProvider:95) - Could not audit custom data for update customData
2019-01-19 17:58:10,628 [http-nio-8040-exec-9] [ERROR] (o.j.a.s.a.s.p.SecurityPermissionEventLogProvider:95) - Could not audit custom data for add customData
2019-01-21 02:00:01,529 [http-nio-8040-exec-4] [INFO ] (o.j.a.s.s.b.AccessImporterExporterImpl:63) - Exporting groups...
2019-01-21 02:00:01,821 [http-nio-8040-exec-4] [INFO ] (o.j.a.s.s.b.AccessImporterExporterImpl:63) - Exporting federation_events...
2019-01-21 02:00:01,875 [http-nio-8040-exec-4] [INFO ] (o.j.a.s.s.b.AccessImporterExporterImpl:63) - Exporting tokens...
2019-01-21 02:00:01,881 [http-nio-8040-exec-4] [INFO ] (o.j.a.s.s.b.AccessImporterExporterImpl:63) - Exporting federation_servers...
2019-01-21 02:00:01,905 [http-nio-8040-exec-4] [INFO ] (o.j.a.s.s.b.AccessImporterExporterImpl:63) - Exporting permissions...
2019-01-21 02:00:01,989 [http-nio-8040-exec-4] [INFO ] (o.j.a.s.s.b.AccessImporterExporterImpl:63) - Exporting servers...
2019-01-21 02:00:01,998 [http-nio-8040-exec-4] [INFO ] (o.j.a.s.s.b.AccessImporterExporterImpl:63) - Exporting users...
2019-01-21 02:00:02,031 [http-nio-8040-exec-4] [INFO ] (o.j.a.s.s.b.AccessImporterExporterImpl:63) - Exporting config...
2019-01-21 02:00:02,066 [http-nio-8040-exec-4] [INFO ] (o.j.a.s.s.b.AccessImporterExporterImpl:63) - Exporting encryption...
2019-01-21 02:00:02,078 [http-nio-8040-exec-4] [INFO ] (o.j.a.s.s.b.AccessImporterExporterImpl:63) - Exporting home...
2019-01-22 02:00:00,119 [http-nio-8040-exec-1] [INFO ] (o.j.a.s.s.b.AccessImporterExporterImpl:63) - Exporting groups...
2019-01-22 02:00:00,123 [http-nio-8040-exec-1] [INFO ] (o.j.a.s.s.b.AccessImporterExporterImpl:63) - Exporting federation_events...
2019-01-22 02:00:00,124 [http-nio-8040-exec-1] [INFO ] (o.j.a.s.s.b.AccessImporterExporterImpl:63) - Exporting tokens...
2019-01-22 02:00:00,126 [http-nio-8040-exec-1] [INFO ] (o.j.a.s.s.b.AccessImporterExporterImpl:63) - Exporting federation_servers...
2019-01-22 02:00:00,126 [http-nio-8040-exec-1] [INFO ] (o.j.a.s.s.b.AccessImporterExporterImpl:63) - Exporting permissions...
2019-01-22 02:00:00,134 [http-nio-8040-exec-1] [INFO ] (o.j.a.s.s.b.AccessImporterExporterImpl:63) - Exporting servers...
2019-01-22 02:00:00,136 [http-nio-8040-exec-1] [INFO ] (o.j.a.s.s.b.AccessImporterExporterImpl:63) - Exporting users...
2019-01-22 02:00:00,143 [http-nio-8040-exec-1] [INFO ] (o.j.a.s.s.b.AccessImporterExporterImpl:63) - Exporting config...
2019-01-22 02:00:00,166 [http-nio-8040-exec-1] [INFO ] (o.j.a.s.s.b.AccessImporterExporterImpl:63) - Exporting encryption...
2019-01-22 02:00:00,179 [http-nio-8040-exec-1] [INFO ] (o.j.a.s.s.b.AccessImporterExporterImpl:63) - Exporting home...
2019-01-25 18:40:35,031 [localhost-startStop-1] [INFO ] (o.j.a.c.JFrogApplicationContextInitializer:74) - Using JFrog Access home at '/opt/jfrog/artifactory/access'
2019-01-25 18:40:35,049 [localhost-startStop-1] [INFO ] (o.j.a.AccessApplication:48) - Starting AccessApplication v4.1.39 on 384b1e3b724f with PID 187 (/opt/jfrog/artifactory/tomcat/webapps/access/WEB-INF/lib/access-application-4.1.39.jar started by artifactory in /)
2019-01-25 18:40:35,050 [localhost-startStop-1] [INFO ] (o.j.a.AccessApplication:597) - The following profiles are active: production,grpc
2019-01-25 18:40:40,414 [localhost-startStop-1] [INFO ] (o.j.a.s.d.u.AccessJdbcHelperImpl:136) - Database: Apache Derby 10.14.2.0 - (1828579). Driver: Apache Derby Embedded JDBC Driver 10.14.2.0 - (1828579)
2019-01-25 18:40:40,415 [localhost-startStop-1] [INFO ] (o.j.a.s.d.u.AccessJdbcHelperImpl:139) - Connection URL: jdbc:derby:/opt/jfrog/artifactory/data/derby
2019-01-25 18:40:41,665 [localhost-startStop-1] [INFO ] (o.j.c.s.InternalConfigurationServiceBase:154) - Loading configuration from db finished successfully
2019-01-25 18:40:42,430 [localhost-startStop-1] [INFO ] (o.j.s.m.MasterKeyBootstrapper:52) - Found master.key file at /opt/jfrog/artifactory/etc/security/master.key, using it as master.key
2019-01-25 18:40:42,843 [localhost-startStop-1] [INFO ] (o.j.a.s.s.t.TokenServiceImpl:98) - Scheduling task for revoking expired tokens using cron expression: 0 0 0/1 * * ?
2019-01-25 18:40:42,889 [localhost-startStop-1] [INFO ] (o.j.a.s.r.c.RpcServiceInvoker:78) - Added service: sync
2019-01-25 18:40:43,527 [localhost-startStop-1] [INFO ] (o.j.a.s.AccessServerBootstrapImpl:103) - [ACCESS BOOTSTRAP] Starting JFrog Access bootstrap...
2019-01-25 18:40:44,167 [localhost-startStop-1] [INFO ] (o.j.a.s.AccessServerBootstrapImpl:156) - [ACCESS BOOTSTRAP] Updating server 'fd273597-e568-4dcb-8d1e-da33bdbb6398' private key finger print to: 37f3e2b473d3a3af41c6d19e74c4b0a2dd3de3aa25cd1842f36e038c6b05a7b9
2019-01-25 18:40:44,597 [localhost-startStop-1] [INFO ] (o.j.a.s.AccessServerBootstrapImpl:118) - [ACCESS BOOTSTRAP] JFrog Access bootstrap finished.
2019-01-25 18:40:47,159 [localhost-startStop-1] [INFO ] (o.j.a.c.RefreshableScheduledJob:52) - Scheduling heartbeat task to run every 5 seconds
2019-01-25 18:40:50,437 [localhost-startStop-1] [INFO ] (o.j.a.AccessApplication:57) - Started AccessApplication in 17.186 seconds (JVM running for 23.98)
2019-01-25 18:57:46,812 [localhost-startStop-1] [INFO ] (o.j.a.c.JFrogApplicationContextInitializer:74) - Using JFrog Access home at '/opt/jfrog/artifactory/access'
2019-01-25 18:57:46,820 [localhost-startStop-1] [INFO ] (o.j.a.AccessApplication:48) - Starting AccessApplication v4.1.41 on 7bb16f609683 with PID 186 (/opt/jfrog/artifactory/tomcat/webapps/access/WEB-INF/lib/access-application-4.1.41.jar started by artifactory in /)
2019-01-25 18:57:46,820 [localhost-startStop-1] [INFO ] (o.j.a.AccessApplication:597) - The following profiles are active: production,grpc
2019-01-25 18:57:52,485 [localhost-startStop-1] [INFO ] (o.j.a.s.d.u.AccessJdbcHelperImpl:136) - Database: Apache Derby 10.14.2.0 - (1828579). Driver: Apache Derby Embedded JDBC Driver 10.14.2.0 - (1828579)
2019-01-25 18:57:52,486 [localhost-startStop-1] [INFO ] (o.j.a.s.d.u.AccessJdbcHelperImpl:139) - Connection URL: jdbc:derby:/opt/jfrog/artifactory/data/derby
2019-01-25 18:57:53,575 [localhost-startStop-1] [INFO ] (o.j.c.s.InternalConfigurationServiceBase:154) - Loading configuration from db finished successfully
2019-01-25 18:57:54,332 [localhost-startStop-1] [INFO ] (o.j.s.m.MasterKeyBootstrapper:52) - Found master.key file at /opt/jfrog/artifactory/etc/security/master.key, using it as master.key
2019-01-25 18:57:54,729 [localhost-startStop-1] [INFO ] (o.j.a.s.s.t.TokenServiceImpl:98) - Scheduling task for revoking expired tokens using cron expression: 0 0 0/1 * * ?
2019-01-25 18:57:54,767 [localhost-startStop-1] [INFO ] (o.j.a.s.r.c.RpcServiceInvoker:78) - Added service: sync
2019-01-25 18:57:55,448 [localhost-startStop-1] [INFO ] (o.j.a.s.AccessServerBootstrapImpl:103) - [ACCESS BOOTSTRAP] Starting JFrog Access bootstrap...
2019-01-25 18:57:55,939 [localhost-startStop-1] [INFO ] (o.j.a.s.AccessServerBootstrapImpl:156) - [ACCESS BOOTSTRAP] Updating server 'fd273597-e568-4dcb-8d1e-da33bdbb6398' private key finger print to: 37f3e2b473d3a3af41c6d19e74c4b0a2dd3de3aa25cd1842f36e038c6b05a7b9
2019-01-25 18:57:56,117 [localhost-startStop-1] [INFO ] (o.j.a.s.AccessServerBootstrapImpl:118) - [ACCESS BOOTSTRAP] JFrog Access bootstrap finished.
2019-01-25 18:57:58,194 [localhost-startStop-1] [INFO ] (o.j.a.c.RefreshableScheduledJob:52) - Scheduling heartbeat task to run every 5 seconds
2019-01-25 18:58:01,002 [localhost-startStop-1] [INFO ] (o.j.a.AccessApplication:57) - Started AccessApplication in 15.849 seconds (JVM running for 17.588)
2019-01-25 23:51:51,464 [localhost-startStop-1] [INFO ] (o.j.a.c.JFrogApplicationContextInitializer:74) - Using JFrog Access home at '/opt/jfrog/artifactory/access'
2019-01-25 23:51:51,471 [localhost-startStop-1] [INFO ] (o.j.a.AccessApplication:48) - Starting AccessApplication v4.1.41 on 7ac4a4033b1d with PID 186 (/opt/jfrog/artifactory/tomcat/webapps/access/WEB-INF/lib/access-application-4.1.41.jar started by artifactory in /)
2019-01-25 23:51:51,471 [localhost-startStop-1] [INFO ] (o.j.a.AccessApplication:597) - The following profiles are active: production,grpc
2019-01-25 23:51:56,742 [localhost-startStop-1] [INFO ] (o.j.a.s.d.u.AccessJdbcHelperImpl:136) - Database: Apache Derby 10.14.2.0 - (1828579). Driver: Apache Derby Embedded JDBC Driver 10.14.2.0 - (1828579)
2019-01-25 23:51:56,743 [localhost-startStop-1] [INFO ] (o.j.a.s.d.u.AccessJdbcHelperImpl:139) - Connection URL: jdbc:derby:/opt/jfrog/artifactory/data/derby
2019-01-25 23:51:57,934 [localhost-startStop-1] [INFO ] (o.j.c.s.InternalConfigurationServiceBase:154) - Loading configuration from db finished successfully
2019-01-25 23:51:58,746 [localhost-startStop-1] [INFO ] (o.j.s.m.MasterKeyBootstrapper:52) - Found master.key file at /opt/jfrog/artifactory/etc/security/master.key, using it as master.key
2019-01-25 23:51:59,081 [localhost-startStop-1] [INFO ] (o.j.a.s.s.t.TokenServiceImpl:98) - Scheduling task for revoking expired tokens using cron expression: 0 0 0/1 * * ?
2019-01-25 23:51:59,120 [localhost-startStop-1] [INFO ] (o.j.a.s.r.c.RpcServiceInvoker:78) - Added service: sync
2019-01-25 23:51:59,896 [localhost-startStop-1] [INFO ] (o.j.a.s.AccessServerBootstrapImpl:103) - [ACCESS BOOTSTRAP] Starting JFrog Access bootstrap...
2019-01-25 23:52:00,494 [localhost-startStop-1] [INFO ] (o.j.a.s.AccessServerBootstrapImpl:156) - [ACCESS BOOTSTRAP] Updating server 'fd273597-e568-4dcb-8d1e-da33bdbb6398' private key finger print to: 37f3e2b473d3a3af41c6d19e74c4b0a2dd3de3aa25cd1842f36e038c6b05a7b9
2019-01-25 23:52:00,621 [localhost-startStop-1] [INFO ] (o.j.a.s.AccessServerBootstrapImpl:118) - [ACCESS BOOTSTRAP] JFrog Access bootstrap finished.
2019-01-25 23:52:02,018 [localhost-startStop-1] [INFO ] (o.j.a.c.RefreshableScheduledJob:52) - Scheduling heartbeat task to run every 5 seconds
2019-01-25 23:52:05,492 [localhost-startStop-1] [INFO ] (o.j.a.AccessApplication:57) - Started AccessApplication in 15.447 seconds (JVM running for 17.209)
